#
# There is insufficient memory for the Java Runtime Environment to continue.
# Native memory allocation (malloc) failed to allocate 1105616 bytes for Chunk::new
# Possible reasons:
#   The system is out of physical RAM or swap space
#   The process is running with CompressedOops enabled, and the Java Heap may be blocking the growth of the native heap
# Possible solutions:
#   Reduce memory load on the system
#   Increase physical memory or swap space
#   Check if swap backing store is full
#   Decrease Java heap size (-Xmx/-Xms)
#   Decrease number of Java threads
#   Decrease Java thread stack sizes (-Xss)
#   Set larger code cache with -XX:ReservedCodeCacheSize=
#   JVM is running with Unscaled Compressed Oops mode in which the Java heap is
#     placed in the first 4GB address space. The Java Heap base address is the
#     maximum limit for the native heap growth. Please use -XX:HeapBaseMinAddress
#     to set the Java Heap base and to place the Java Heap above 4GB virtual address.
# This output file may be truncated or incomplete.
#
#  Out of Memory Error (allocation.cpp:389), pid=29804, tid=0x0000000000007680
#
# JRE version: OpenJDK Runtime Environment (8.0_242-b01) (build 1.8.0_242-release-1644-b01)
# Java VM: OpenJDK 64-Bit Server VM (25.242-b01 mixed mode windows-amd64 compressed oops)
# Failed to write core dump. Minidumps are not enabled by default on client versions of Windows
#

---------------  T H R E A D  ---------------

Current thread (0x00000000183b9800):  JavaThread "C2 CompilerThread0" daemon [_thread_in_native, id=30336, stack(0x0000000018b80000,0x0000000018c80000)]

Stack: [0x0000000018b80000,0x0000000018c80000]
[error occurred during error reporting (printing stack bounds), id 0xc0000005]

Native frames: (J=compiled Java code, j=interpreted, Vv=VM code, C=native code)


Current CompileTask:
C2:  18518 18408 %     4       com.android.tools.r8.ir.optimize.Z::a @ 13 (425 bytes)


---------------  P R O C E S S  ---------------

Java Threads: ( => current thread )
  0x000000001cd3e800 JavaThread "Cache worker for Java compile cache (D:\p6\Project\.gradle\5.6.4\javaCompile)" [_thread_blocked, id=19652, stack(0x000000002e960000,0x000000002ea60000)]
  0x000000001cd3b000 JavaThread "Cache worker for Java compile cache (C:\Users\chenciling\.gradle\caches\5.6.4\javaCompile)" [_thread_blocked, id=25656, stack(0x00000000294c0000,0x00000000295c0000)]
  0x000000001cd39800 JavaThread "WorkerExecutor Queue Thread 9" [_thread_blocked, id=33420, stack(0x0000000028250000,0x0000000028350000)]
  0x000000001cd32000 JavaThread "stdout" [_thread_in_native, id=9420, stack(0x0000000029750000,0x0000000029850000)]
  0x000000001cd38800 JavaThread "stderr" [_thread_in_native, id=5112, stack(0x0000000029650000,0x0000000029750000)]
  0x000000001cd35800 JavaThread "stdout" [_thread_in_native, id=8032, stack(0x00000000293c0000,0x00000000294c0000)]
  0x000000001cd35000 JavaThread "stderr" [_thread_in_native, id=28044, stack(0x00000000292c0000,0x00000000293c0000)]
  0x000000001cd37000 JavaThread "stdout" [_thread_in_native, id=15696, stack(0x00000000291c0000,0x00000000292c0000)]
  0x000000001cd38000 JavaThread "stderr" [_thread_in_native, id=25516, stack(0x00000000290c0000,0x00000000291c0000)]
  0x000000001cd36800 JavaThread "stdout" [_thread_in_native, id=18004, stack(0x0000000028fc0000,0x00000000290c0000)]
  0x000000001cd34000 JavaThread "stderr" [_thread_in_native, id=1484, stack(0x0000000028ec0000,0x0000000028fc0000)]
  0x000000001cd31000 JavaThread "stdout" [_thread_in_native, id=21612, stack(0x0000000028dc0000,0x0000000028ec0000)]
  0x000000001cd30800 JavaThread "stderr" [_thread_in_native, id=33068, stack(0x0000000028cc0000,0x0000000028dc0000)]
  0x000000001cd33800 JavaThread "stdout" [_thread_in_native, id=11988, stack(0x0000000028bc0000,0x0000000028cc0000)]
  0x000000001ae77000 JavaThread "stderr" [_thread_in_native, id=19656, stack(0x0000000028ac0000,0x0000000028bc0000)]
  0x000000001ddb9000 JavaThread "WorkerExecutor Queue Thread 8" [_thread_blocked, id=21320, stack(0x00000000289c0000,0x0000000028ac0000)]
  0x000000001ddb8000 JavaThread "WorkerExecutor Queue Thread 7" [_thread_blocked, id=12828, stack(0x00000000288c0000,0x00000000289c0000)]
  0x000000001ddb7800 JavaThread "WorkerExecutor Queue Thread 6" [_thread_blocked, id=1952, stack(0x00000000287c0000,0x00000000288c0000)]
  0x000000001ddb6800 JavaThread "WorkerExecutor Queue Thread 4" [_thread_blocked, id=15384, stack(0x00000000285c0000,0x00000000286c0000)]
  0x000000001ddb6000 JavaThread "WorkerExecutor Queue Thread 3" [_thread_blocked, id=4044, stack(0x00000000284c0000,0x00000000285c0000)]
  0x000000001ddb5000 JavaThread "WorkerExecutor Queue Thread 2" [_thread_blocked, id=29196, stack(0x00000000283c0000,0x00000000284c0000)]
  0x000000001ddad000 JavaThread "WorkerExecutor Queue" [_thread_blocked, id=31208, stack(0x0000000026f50000,0x0000000027050000)]
  0x000000001ddb1800 JavaThread "stdout" [_thread_in_native, id=16512, stack(0x0000000026e50000,0x0000000026f50000)]
  0x000000001ddb2000 JavaThread "stderr" [_thread_in_native, id=13244, stack(0x0000000026d50000,0x0000000026e50000)]
  0x000000001ddac000 JavaThread "pool-7-thread-1" [_thread_blocked, id=25388, stack(0x0000000026820000,0x0000000026920000)]
  0x000000001ddb0800 JavaThread "Cache worker for execution history cache (D:\p6\Project\.gradle\5.6.4\executionHistory)" [_thread_blocked, id=21196, stack(0x0000000026600000,0x0000000026700000)]
  0x000000001ddae800 JavaThread "Execution worker for ':' Thread 7" [_thread_in_Java, id=34416, stack(0x0000000026300000,0x0000000026400000)]
  0x000000001ddaa800 JavaThread "Execution worker for ':' Thread 6" [_thread_in_Java, id=34232, stack(0x0000000026200000,0x0000000026300000)]
  0x000000001ddab800 JavaThread "Execution worker for ':' Thread 5" [_thread_blocked, id=22016, stack(0x0000000026100000,0x0000000026200000)]
  0x000000001ddaf000 JavaThread "Execution worker for ':' Thread 4" [_thread_in_native, id=26956, stack(0x0000000026000000,0x0000000026100000)]
  0x000000001b2df800 JavaThread "Execution worker for ':' Thread 3" [_thread_in_Java, id=7864, stack(0x0000000025f00000,0x0000000026000000)]
  0x000000001b2de800 JavaThread "Execution worker for ':' Thread 2" [_thread_in_native, id=22108, stack(0x0000000025e00000,0x0000000025f00000)]
  0x000000001b2dc800 JavaThread "Execution worker for ':'" [_thread_blocked, id=25160, stack(0x0000000024cb0000,0x0000000024db0000)]
  0x000000001b2db800 JavaThread "Cache worker for file content cache (D:\p6\Project\.gradle\5.6.4\fileContent)" [_thread_blocked, id=15228, stack(0x0000000025900000,0x0000000025a00000)]
  0x000000001b2db000 JavaThread "Cache worker for file content cache (C:\Users\chenciling\.gradle\caches\5.6.4\fileContent)" [_thread_blocked, id=24832, stack(0x0000000025800000,0x0000000025900000)]
  0x000000001b2dd000 JavaThread "Memory manager" [_thread_blocked, id=26672, stack(0x0000000024350000,0x0000000024450000)]
  0x000000001b2d2000 JavaThread "Cache worker for Build Output Cleanup Cache (D:\p6\Project\.gradle\buildOutputCleanup)" [_thread_blocked, id=29264, stack(0x0000000022c50000,0x0000000022d50000)]
  0x000000001b2d8000 JavaThread "Build operations Thread 8" [_thread_blocked, id=30508, stack(0x0000000022b50000,0x0000000022c50000)]
  0x000000001b2d7000 JavaThread "Build operations Thread 7" [_thread_blocked, id=27216, stack(0x0000000022a50000,0x0000000022b50000)]
  0x000000001b2d5000 JavaThread "Build operations Thread 6" [_thread_blocked, id=1308, stack(0x0000000022950000,0x0000000022a50000)]
  0x000000001b2d0800 JavaThread "Build operations Thread 5" [_thread_blocked, id=29880, stack(0x0000000022850000,0x0000000022950000)]
  0x000000001b2d5800 JavaThread "Build operations Thread 4" [_thread_blocked, id=17912, stack(0x0000000022750000,0x0000000022850000)]
  0x000000001b2d4000 JavaThread "Build operations Thread 3" [_thread_blocked, id=10664, stack(0x0000000022650000,0x0000000022750000)]
  0x000000001b2d3800 JavaThread "Build operations Thread 2" [_thread_blocked, id=28324, stack(0x0000000022550000,0x0000000022650000)]
  0x000000001b2d6800 JavaThread "Build operations" [_thread_blocked, id=9356, stack(0x0000000022450000,0x0000000022550000)]
  0x000000001ae75800 JavaThread "Cache worker for execution history cache (C:\Users\chenciling\.gradle\caches\5.6.4\executionHistory)" [_thread_blocked, id=30748, stack(0x0000000021c70000,0x0000000021d70000)]
  0x000000001ae7b000 JavaThread "Cache worker for cache directory md-rule (C:\Users\chenciling\.gradle\caches\5.6.4\md-rule)" [_thread_blocked, id=32096, stack(0x0000000020920000,0x0000000020a20000)]
  0x000000001ae7a000 JavaThread "Cache worker for cache directory md-supplier (C:\Users\chenciling\.gradle\caches\5.6.4\md-supplier)" [_thread_blocked, id=8504, stack(0x000000001f170000,0x000000001f270000)]
  0x000000001ae74000 JavaThread "Cache worker for file hash cache (D:\p6\Project\.gradle\5.6.4\fileHashes)" [_thread_blocked, id=29344, stack(0x000000001ee70000,0x000000001ef70000)]
  0x000000001ae76800 JavaThread "Cache worker for journal cache (C:\Users\chenciling\.gradle\caches\journal-1)" [_thread_blocked, id=27268, stack(0x000000001cbd0000,0x000000001ccd0000)]
  0x000000001ae78000 JavaThread "File lock request listener" [_thread_in_native, id=33396, stack(0x000000001cad0000,0x000000001cbd0000)]
  0x000000001afdd800 JavaThread "Cache worker for file hash cache (C:\Users\chenciling\.gradle\caches\5.6.4\fileHashes)" [_thread_blocked, id=21040, stack(0x000000001c9d0000,0x000000001cad0000)]
  0x000000001ad26000 JavaThread "Thread-9" [_thread_blocked, id=2328, stack(0x000000001c6d0000,0x000000001c7d0000)]
  0x000000001acc2000 JavaThread "Stdin handler" [_thread_blocked, id=28296, stack(0x000000001c5d0000,0x000000001c6d0000)]
  0x000000001acc1800 JavaThread "Asynchronous log dispatcher for DefaultDaemonConnection: socket connection from /127.0.0.1:50508 to /127.0.0.1:50509" [_thread_blocked, id=34392, stack(0x000000001c4d0000,0x000000001c5d0000)]
  0x000000001acbd800 JavaThread "Daemon worker" [_thread_blocked, id=19504, stack(0x000000001c3d0000,0x000000001c4d0000)]
  0x000000001acbd000 JavaThread "Cancel handler" [_thread_blocked, id=24968, stack(0x000000001c2d0000,0x000000001c3d0000)]
  0x000000001ac63800 JavaThread "Handler for socket connection from /127.0.0.1:50508 to /127.0.0.1:50509" [_thread_in_native, id=33232, stack(0x000000001bfd0000,0x000000001c0d0000)]
  0x000000001ac63000 JavaThread "Daemon" [_thread_blocked, id=1496, stack(0x000000001bed0000,0x000000001bfd0000)]
  0x000000001abe3800 JavaThread "Daemon periodic checks" [_thread_blocked, id=21884, stack(0x000000001bdd0000,0x000000001bed0000)]
  0x000000001abd9000 JavaThread "Incoming local TCP Connector on port 50508" [_thread_in_native, id=1244, stack(0x000000001bc20000,0x000000001bd20000)]
  0x000000001aba3000 JavaThread "Daemon health stats" [_thread_blocked, id=27436, stack(0x000000001b920000,0x000000001ba20000)]
  0x00000000184b4000 JavaThread "Service Thread" daemon [_thread_blocked, id=22032, stack(0x0000000018f80000,0x0000000019080000)]
  0x0000000018423000 JavaThread "C1 CompilerThread3" daemon [_thread_blocked, id=27992, stack(0x0000000018e80000,0x0000000018f80000)]
  0x000000001841f800 JavaThread "C2 CompilerThread2" daemon [_thread_in_native, id=12860, stack(0x0000000018d80000,0x0000000018e80000)]
  0x0000000018412000 JavaThread "C2 CompilerThread1" daemon [_thread_in_native, id=2772, stack(0x0000000018c80000,0x0000000018d80000)]
=>0x00000000183b9800 JavaThread "C2 CompilerThread0" daemon [_thread_in_native, id=30336, stack(0x0000000018b80000,0x0000000018c80000)]
  0x00000000183b8000 JavaThread "Attach Listener" daemon [_thread_blocked, id=17596, stack(0x0000000018a80000,0x0000000018b80000)]
  0x0000000018410000 JavaThread "Signal Dispatcher" daemon [_thread_blocked, id=568, stack(0x0000000018980000,0x0000000018a80000)]
  0x00000000183a1800 JavaThread "Finalizer" daemon [_thread_blocked, id=7880, stack(0x0000000018880000,0x0000000018980000)]
  0x00000000183a0800 JavaThread "Reference Handler" daemon [_thread_blocked, id=34292, stack(0x0000000018780000,0x0000000018880000)]
  0x000000000235e000 JavaThread "main" [_thread_blocked, id=2848, stack(0x0000000002250000,0x0000000002350000)]

Other Threads:
  0x00000000165b8800 VMThread [stack: 0x0000000018280000,0x0000000018380000] [id=13536]
  0x00000000184b5000 WatcherThread [stack: 0x0000000019080000,0x0000000019180000] [id=20524]

VM state:not at safepoint (normal execution)

VM Mutex/Monitor currently owned by a thread: None

heap address: 0x00000000a0000000, size: 1536 MB, Compressed Oops mode: 32-bit
Narrow klass base: 0x0000000000000000, Narrow klass shift: 3
Compressed class space size: 1073741824 Address: 0x0000000100000000

Heap:
 PSYoungGen      total 443904K, used 316296K [0x00000000e0000000, 0x00000000fff80000, 0x0000000100000000)
  eden space 363520K, 82% used [0x00000000e0000000,0x00000000f252c428,0x00000000f6300000)
  from space 80384K, 20% used [0x00000000f6300000,0x00000000f72b5c70,0x00000000fb180000)
  to   space 78848K, 0% used [0x00000000fb280000,0x00000000fb280000,0x00000000fff80000)
 ParOldGen       total 267776K, used 181437K [0x00000000a0000000, 0x00000000b0580000, 0x00000000e0000000)
  object space 267776K, 67% used [0x00000000a0000000,0x00000000ab12f5a8,0x00000000b0580000)
 Metaspace       used 88235K, capacity 98296K, committed 99456K, reserved 1134592K
  class space    used 11934K, capacity 14932K, committed 15232K, reserved 1048576K

Card table byte_map: [0x0000000011bc0000,0x0000000011ed0000] byte_map_base: 0x00000000116c0000

Marking Bits: (ParMarkBitMap*) 0x000000005537f030
 Begin Bits: [0x00000000128d0000, 0x00000000140d0000)
 End Bits:   [0x00000000140d0000, 0x00000000158d0000)

Polling page: 0x0000000000480000

CodeCache: size=245760Kb used=48891Kb max_used=49530Kb free=196868Kb
 bounds [0x0000000002800000, 0x00000000058b0000, 0x0000000011800000]
 total_blobs=16253 nmethods=15388 adapters=775
 compilation: enabled

Compilation events (10 events):
Event: 18.502 Thread 0x0000000018423000 nmethod 18804 0x000000000514b110 code [0x000000000514b280, 0x000000000514b448]
Event: 18.502 Thread 0x0000000018423000 18805       2       java.util.concurrent.Executors::callable (22 bytes)
Event: 18.503 Thread 0x0000000018423000 nmethod 18805 0x0000000002a0ec50 code [0x0000000002a0edc0, 0x0000000002a0f008]
Event: 18.503 Thread 0x0000000018423000 18806       2       java.util.concurrent.Executors$RunnableAdapter::<init> (15 bytes)
Event: 18.503 Thread 0x0000000018423000 nmethod 18806 0x00000000039f6690 code [0x00000000039f67e0, 0x00000000039f6950]
Event: 18.509 Thread 0x0000000018423000 18807       2       java.util.stream.SliceOps$1$1::cancellationRequested (27 bytes)
Event: 18.509 Thread 0x0000000018423000 nmethod 18807 0x0000000002be3f50 code [0x0000000002be40c0, 0x0000000002be4268]
Event: 18.509 Thread 0x0000000018423000 18812       2       com.android.tools.r8.ir.optimize.j::a (299 bytes)
Event: 18.517 Thread 0x0000000018423000 nmethod 18812 0x00000000050fb890 code [0x00000000050fbb80, 0x00000000050fc608]
Event: 18.517 Thread 0x0000000018423000 18810       2       java.util.stream.SortedOps$RefSortingSink::end (126 bytes)

GC Heap History (10 events):
Event: 13.883 GC heap before
{Heap before GC invocations=15 (full 3):
 PSYoungGen      total 395776K, used 395751K [0x00000000e0000000, 0x0000000100000000, 0x0000000100000000)
  eden space 332288K, 100% used [0x00000000e0000000,0x00000000f4480000,0x00000000f4480000)
  from space 63488K, 99% used [0x00000000f4480000,0x00000000f8279f00,0x00000000f8280000)
  to   space 74752K, 0% used [0x00000000fb700000,0x00000000fb700000,0x0000000100000000)
 ParOldGen       total 267776K, used 91756K [0x00000000a0000000, 0x00000000b0580000, 0x00000000e0000000)
  object space 267776K, 34% used [0x00000000a0000000,0x00000000a599b030,0x00000000b0580000)
 Metaspace       used 76552K, capacity 86118K, committed 86400K, reserved 1122304K
  class space    used 10492K, capacity 13401K, committed 13440K, reserved 1048576K
Event: 13.925 GC heap after
Heap after GC invocations=15 (full 3):
 PSYoungGen      total 454144K, used 28807K [0x00000000e0000000, 0x0000000100000000, 0x0000000100000000)
  eden space 379392K, 0% used [0x00000000e0000000,0x00000000e0000000,0x00000000f7280000)
  from space 74752K, 38% used [0x00000000fb700000,0x00000000fd321c18,0x0000000100000000)
  to   space 70144K, 0% used [0x00000000f7280000,0x00000000f7280000,0x00000000fb700000)
 ParOldGen       total 267776K, used 134761K [0x00000000a0000000, 0x00000000b0580000, 0x00000000e0000000)
  object space 267776K, 50% used [0x00000000a0000000,0x00000000a839a620,0x00000000b0580000)
 Metaspace       used 76552K, capacity 86118K, committed 86400K, reserved 1122304K
  class space    used 10492K, capacity 13401K, committed 13440K, reserved 1048576K
}
Event: 15.682 GC heap before
{Heap before GC invocations=16 (full 3):
 PSYoungGen      total 454144K, used 408199K [0x00000000e0000000, 0x0000000100000000, 0x0000000100000000)
  eden space 379392K, 100% used [0x00000000e0000000,0x00000000f7280000,0x00000000f7280000)
  from space 74752K, 38% used [0x00000000fb700000,0x00000000fd321c18,0x0000000100000000)
  to   space 70144K, 0% used [0x00000000f7280000,0x00000000f7280000,0x00000000fb700000)
 ParOldGen       total 267776K, used 134763K [0x00000000a0000000, 0x00000000b0580000, 0x00000000e0000000)
  object space 267776K, 50% used [0x00000000a0000000,0x00000000a839afe8,0x00000000b0580000)
 Metaspace       used 87510K, capacity 98194K, committed 98304K, reserved 1132544K
  class space    used 11986K, capacity 15065K, committed 15104K, reserved 1048576K
Event: 15.725 GC heap after
Heap after GC invocations=16 (full 3):
 PSYoungGen      total 439808K, used 60320K [0x00000000e0000000, 0x0000000100000000, 0x0000000100000000)
  eden space 379392K, 0% used [0x00000000e0000000,0x00000000e0000000,0x00000000f7280000)
  from space 60416K, 99% used [0x00000000f7280000,0x00000000fad683a8,0x00000000fad80000)
  to   space 77824K, 0% used [0x00000000fb400000,0x00000000fb400000,0x0000000100000000)
 ParOldGen       total 267776K, used 134771K [0x00000000a0000000, 0x00000000b0580000, 0x00000000e0000000)
  object space 267776K, 50% used [0x00000000a0000000,0x00000000a839cfe8,0x00000000b0580000)
 Metaspace       used 87510K, capacity 98194K, committed 98304K, reserved 1132544K
  class space    used 11986K, capacity 15065K, committed 15104K, reserved 1048576K
}
Event: 16.101 GC heap before
{Heap before GC invocations=17 (full 3):
 PSYoungGen      total 439808K, used 185804K [0x00000000e0000000, 0x0000000100000000, 0x0000000100000000)
  eden space 379392K, 33% used [0x00000000e0000000,0x00000000e7a8b000,0x00000000f7280000)
  from space 60416K, 99% used [0x00000000f7280000,0x00000000fad683a8,0x00000000fad80000)
  to   space 77824K, 0% used [0x00000000fb400000,0x00000000fb400000,0x0000000100000000)
 ParOldGen       total 267776K, used 134771K [0x00000000a0000000, 0x00000000b0580000, 0x00000000e0000000)
  object space 267776K, 50% used [0x00000000a0000000,0x00000000a839cfe8,0x00000000b0580000)
 Metaspace       used 87696K, capacity 98394K, committed 98496K, reserved 1132544K
  class space    used 11995K, capacity 15075K, committed 15104K, reserved 1048576K
Event: 16.132 GC heap after
Heap after GC invocations=17 (full 3):
 PSYoungGen      total 441344K, used 51521K [0x00000000e0000000, 0x0000000100000000, 0x0000000100000000)
  eden space 363520K, 0% used [0x00000000e0000000,0x00000000e0000000,0x00000000f6300000)
  from space 77824K, 66% used [0x00000000fb400000,0x00000000fe650408,0x0000000100000000)
  to   space 80384K, 0% used [0x00000000f6300000,0x00000000f6300000,0x00000000fb180000)
 ParOldGen       total 267776K, used 134779K [0x00000000a0000000, 0x00000000b0580000, 0x00000000e0000000)
  object space 267776K, 50% used [0x00000000a0000000,0x00000000a839efe8,0x00000000b0580000)
 Metaspace       used 87696K, capacity 98394K, committed 98496K, reserved 1132544K
  class space    used 11995K, capacity 15075K, committed 15104K, reserved 1048576K
}
Event: 16.132 GC heap before
{Heap before GC invocations=18 (full 4):
 PSYoungGen      total 441344K, used 51521K [0x00000000e0000000, 0x0000000100000000, 0x0000000100000000)
  eden space 363520K, 0% used [0x00000000e0000000,0x00000000e0000000,0x00000000f6300000)
  from space 77824K, 66% used [0x00000000fb400000,0x00000000fe650408,0x0000000100000000)
  to   space 80384K, 0% used [0x00000000f6300000,0x00000000f6300000,0x00000000fb180000)
 ParOldGen       total 267776K, used 134779K [0x00000000a0000000, 0x00000000b0580000, 0x00000000e0000000)
  object space 267776K, 50% used [0x00000000a0000000,0x00000000a839efe8,0x00000000b0580000)
 Metaspace       used 87696K, capacity 98394K, committed 98496K, reserved 1132544K
  class space    used 11995K, capacity 15075K, committed 15104K, reserved 1048576K
Event: 17.340 GC heap after
Heap after GC invocations=18 (full 4):
 PSYoungGen      total 441344K, used 0K [0x00000000e0000000, 0x0000000100000000, 0x0000000100000000)
  eden space 363520K, 0% used [0x00000000e0000000,0x00000000e0000000,0x00000000f6300000)
  from space 77824K, 0% used [0x00000000fb400000,0x00000000fb400000,0x0000000100000000)
  to   space 80384K, 0% used [0x00000000f6300000,0x00000000f6300000,0x00000000fb180000)
 ParOldGen       total 267776K, used 181429K [0x00000000a0000000, 0x00000000b0580000, 0x00000000e0000000)
  object space 267776K, 67% used [0x00000000a0000000,0x00000000ab12d5a8,0x00000000b0580000)
 Metaspace       used 87266K, capacity 97168K, committed 98496K, reserved 1132544K
  class space    used 11853K, capacity 14826K, committed 15104K, reserved 1048576K
}
Event: 18.057 GC heap before
{Heap before GC invocations=19 (full 4):
 PSYoungGen      total 441344K, used 363520K [0x00000000e0000000, 0x0000000100000000, 0x0000000100000000)
  eden space 363520K, 100% used [0x00000000e0000000,0x00000000f6300000,0x00000000f6300000)
  from space 77824K, 0% used [0x00000000fb400000,0x00000000fb400000,0x0000000100000000)
  to   space 80384K, 0% used [0x00000000f6300000,0x00000000f6300000,0x00000000fb180000)
 ParOldGen       total 267776K, used 181429K [0x00000000a0000000, 0x00000000b0580000, 0x00000000e0000000)
  object space 267776K, 67% used [0x00000000a0000000,0x00000000ab12d5a8,0x00000000b0580000)
 Metaspace       used 87773K, capacity 97790K, committed 99136K, reserved 1132544K
  class space    used 11908K, capacity 14887K, committed 15232K, reserved 1048576K
Event: 18.068 GC heap after
Heap after GC invocations=19 (full 4):
 PSYoungGen      total 443904K, used 16087K [0x00000000e0000000, 0x00000000fff80000, 0x0000000100000000)
  eden space 363520K, 0% used [0x00000000e0000000,0x00000000e0000000,0x00000000f6300000)
  from space 80384K, 20% used [0x00000000f6300000,0x00000000f72b5c70,0x00000000fb180000)
  to   space 78848K, 0% used [0x00000000fb280000,0x00000000fb280000,0x00000000fff80000)
 ParOldGen       total 267776K, used 181437K [0x00000000a0000000, 0x00000000b0580000, 0x00000000e0000000)
  object space 267776K, 67% used [0x00000000a0000000,0x00000000ab12f5a8,0x00000000b0580000)
 Metaspace       used 87773K, capacity 97790K, committed 99136K, reserved 1132544K
  class space    used 11908K, capacity 14887K, committed 15232K, reserved 1048576K
}

Deoptimization events (10 events):
Event: 18.211 Thread 0x000000001ddb9000 Uncommon trap: reason=bimorphic action=maybe_recompile pc=0x0000000005046aac method=java.io.ObjectOutputStream$BlockDataOutputStream.drain()V @ 36
Event: 18.211 Thread 0x000000001ddb9000 Uncommon trap: reason=bimorphic action=maybe_recompile pc=0x0000000005046aac method=java.io.ObjectOutputStream$BlockDataOutputStream.drain()V @ 36
Event: 18.214 Thread 0x000000001ddb9000 Uncommon trap: reason=class_check action=maybe_recompile pc=0x0000000004446f24 method=java.security.MessageDigest$Delegate.clone()Ljava/lang/Object; @ 4
Event: 18.214 Thread 0x000000001ddb9000 Uncommon trap: reason=class_check action=maybe_recompile pc=0x0000000004446f24 method=java.security.MessageDigest$Delegate.clone()Ljava/lang/Object; @ 4
Event: 18.223 Thread 0x000000001ddb9000 Uncommon trap: reason=class_check action=maybe_recompile pc=0x0000000004446f24 method=java.security.MessageDigest$Delegate.clone()Ljava/lang/Object; @ 4
Event: 18.226 Thread 0x000000001ddb9000 Uncommon trap: reason=class_check action=maybe_recompile pc=0x0000000004446f24 method=java.security.MessageDigest$Delegate.clone()Ljava/lang/Object; @ 4
Event: 18.284 Thread 0x000000001ddaa800 Uncommon trap: reason=bimorphic action=maybe_recompile pc=0x00000000046c597c method=com.android.tools.r8.v.a.a.a.f.i.putAll(Ljava/util/Map;)V @ 3
Event: 18.318 Thread 0x000000001ddaa800 Uncommon trap: reason=bimorphic action=maybe_recompile pc=0x00000000046c597c method=com.android.tools.r8.v.a.a.a.f.i.putAll(Ljava/util/Map;)V @ 3
Event: 18.320 Thread 0x000000001ddaa800 Uncommon trap: reason=bimorphic action=maybe_recompile pc=0x00000000046c597c method=com.android.tools.r8.v.a.a.a.f.i.putAll(Ljava/util/Map;)V @ 3
Event: 18.353 Thread 0x000000001b2de800 Uncommon trap: reason=null_check action=make_not_entrant pc=0x00000000052ca800 method=com.android.tools.r8.graph.d0.computeEquals(Ljava/lang/Object;)Z @ 1

Classes redefined (0 events):
No events

Internal exceptions (10 events):
Event: 17.754 Thread 0x000000001b2df800 Exception <a 'sun/nio/fs/WindowsException'> (0x00000000ea467fd8) thrown at [C:\src\AOSP-openjdk-git\hotspot\src\share\vm\prims\jni.cpp, line 710]
Event: 17.854 Thread 0x000000001b2df800 Exception <a 'sun/nio/fs/WindowsException'> (0x00000000edd3f778) thrown at [C:\src\AOSP-openjdk-git\hotspot\src\share\vm\prims\jni.cpp, line 710]
Event: 17.924 Thread 0x000000001ddaa800 Exception <a 'sun/nio/fs/WindowsException'> (0x00000000ef5be210) thrown at [C:\src\AOSP-openjdk-git\hotspot\src\share\vm\prims\jni.cpp, line 710]
Event: 18.155 Thread 0x000000001b2de800 Exception <a 'sun/nio/fs/WindowsException'> (0x00000000e3c3dcd0) thrown at [C:\src\AOSP-openjdk-git\hotspot\src\share\vm\prims\jni.cpp, line 710]
Event: 18.258 Thread 0x000000001b2de800 Exception <a 'sun/nio/fs/WindowsException'> (0x00000000e596bd90) thrown at [C:\src\AOSP-openjdk-git\hotspot\src\share\vm\prims\jni.cpp, line 710]
Event: 18.333 Thread 0x000000001b2de800 Exception <a 'sun/nio/fs/WindowsException'> (0x00000000ea98da38) thrown at [C:\src\AOSP-openjdk-git\hotspot\src\share\vm\prims\jni.cpp, line 710]
Event: 18.353 Thread 0x000000001b2de800 Implicit null exception at 0x00000000052ca68f to 0x00000000052ca7f1
Event: 18.356 Thread 0x000000001b2de800 Exception <a 'sun/nio/fs/WindowsException'> (0x00000000eb7fb838) thrown at [C:\src\AOSP-openjdk-git\hotspot\src\share\vm\prims\jni.cpp, line 710]
Event: 18.381 Thread 0x000000001ddaf000 Exception <a 'sun/nio/fs/WindowsException'> (0x00000000ec02d920) thrown at [C:\src\AOSP-openjdk-git\hotspot\src\share\vm\prims\jni.cpp, line 710]
Event: 18.433 Thread 0x000000001b2df800 Exception <a 'sun/nio/fs/WindowsException'> (0x00000000ee538888) thrown at [C:\src\AOSP-openjdk-git\hotspot\src\share\vm\prims\jni.cpp, line 710]

Events (10 events):
Event: 18.436 Thread 0x0000000018423000 flushing nmethod 0x0000000005349990
Event: 18.436 Thread 0x0000000018423000 flushing nmethod 0x0000000005353c10
Event: 18.436 Thread 0x0000000018423000 flushing nmethod 0x0000000005366fd0
Event: 18.436 Thread 0x0000000018423000 flushing nmethod 0x0000000005367390
Event: 18.436 Thread 0x0000000018423000 flushing nmethod 0x0000000005374450
Event: 18.436 Thread 0x0000000018423000 flushing nmethod 0x0000000005377510
Event: 18.436 Thread 0x0000000018423000 flushing nmethod 0x0000000005389310
Event: 18.436 Thread 0x0000000018423000 flushing nmethod 0x0000000005392690
Event: 18.480 Thread 0x000000001acbd800 DEOPT PACKING pc=0x0000000005863856 sp=0x000000001c4c7e90
Event: 18.480 Thread 0x000000001acbd800 DEOPT UNPACKING pc=0x00000000028475d0 sp=0x000000001c4c7bf8 mode 0


Dynamic libraries:
0x00007ff708f90000 - 0x00007ff708fc1000 	C:\Program Files\Android\Android Studio\jre\bin\java.exe
0x00007fff20240000 - 0x00007fff20430000 	C:\Windows\SYSTEM32\ntdll.dll
0x00007fff1e650000 - 0x00007fff1e702000 	C:\Windows\System32\KERNEL32.DLL
0x00007fff1d360000 - 0x00007fff1d605000 	C:\Windows\System32\KERNELBASE.dll
0x00007fff20010000 - 0x00007fff200b3000 	C:\Windows\System32\ADVAPI32.dll
0x00007fff1f850000 - 0x00007fff1f8ee000 	C:\Windows\System32\msvcrt.dll
0x00007fff1f9c0000 - 0x00007fff1fa57000 	C:\Windows\System32\sechost.dll
0x00007fff1ea30000 - 0x00007fff1eb4f000 	C:\Windows\System32\RPCRT4.dll
0x00007fff1eb50000 - 0x00007fff1ece4000 	C:\Windows\System32\USER32.dll
0x00007fff1da90000 - 0x00007fff1dab1000 	C:\Windows\System32\win32u.dll
0x00007fff1e370000 - 0x00007fff1e396000 	C:\Windows\System32\GDI32.dll
0x00007fff1d690000 - 0x00007fff1d828000 	C:\Windows\System32\gdi32full.dll
0x00007fff1d1b0000 - 0x00007fff1d24e000 	C:\Windows\System32\msvcp_win.dll
0x00007fff1d830000 - 0x00007fff1d92a000 	C:\Windows\System32\ucrtbase.dll
0x00007fff0a130000 - 0x00007fff0a3b4000 	C:\Windows\WinSxS\amd64_microsoft.windows.common-controls_6595b64144ccf1df_6.0.18362.1556_none_9e7e372fe45e41d5\COMCTL32.dll
0x00007fff1fc60000 - 0x00007fff1ff96000 	C:\Windows\System32\combase.dll
0x00007fff1d250000 - 0x00007fff1d2d1000 	C:\Windows\System32\bcryptPrimitives.dll
0x00007fff1e8c0000 - 0x00007fff1e8ee000 	C:\Windows\System32\IMM32.DLL
0x0000000053e30000 - 0x0000000053f02000 	C:\Program Files\Android\Android Studio\jre\jre\bin\msvcr100.dll
0x0000000054bb0000 - 0x00000000553fb000 	C:\Program Files\Android\Android Studio\jre\jre\bin\server\jvm.dll
0x00007fff1fbf0000 - 0x00007fff1fbf8000 	C:\Windows\System32\PSAPI.DLL
0x00007fff01de0000 - 0x00007fff01de9000 	C:\Windows\SYSTEM32\WSOCK32.dll
0x00007fff1ab90000 - 0x00007fff1abb4000 	C:\Windows\SYSTEM32\WINMM.dll
0x00007fff167e0000 - 0x00007fff167ea000 	C:\Windows\SYSTEM32\VERSION.dll
0x00007fff1ffa0000 - 0x00007fff2000f000 	C:\Windows\System32\WS2_32.dll
0x00007fff1ab60000 - 0x00007fff1ab8d000 	C:\Windows\SYSTEM32\WINMMBASE.dll
0x00007fff1d2e0000 - 0x00007fff1d32a000 	C:\Windows\System32\cfgmgr32.dll
0x00007fff09570000 - 0x00007fff0957f000 	C:\Program Files\Android\Android Studio\jre\jre\bin\verify.dll
0x00007fff05bd0000 - 0x00007fff05bf9000 	C:\Program Files\Android\Android Studio\jre\jre\bin\java.dll
0x00007fff05bb0000 - 0x00007fff05bc6000 	C:\Program Files\Android\Android Studio\jre\jre\bin\zip.dll
0x00007fff1ecf0000 - 0x00007fff1f3d7000 	C:\Windows\System32\SHELL32.dll
0x00007fff1fae0000 - 0x00007fff1fb88000 	C:\Windows\System32\shcore.dll
0x00007fff1db70000 - 0x00007fff1e2eb000 	C:\Windows\System32\windows.storage.dll
0x00007fff1d120000 - 0x00007fff1d13e000 	C:\Windows\System32\profapi.dll
0x00007fff1d160000 - 0x00007fff1d1aa000 	C:\Windows\System32\powrprof.dll
0x00007fff1d0f0000 - 0x00007fff1d100000 	C:\Windows\System32\UMPDC.dll
0x00007fff1e3a0000 - 0x00007fff1e3f2000 	C:\Windows\System32\shlwapi.dll
0x00007fff1d140000 - 0x00007fff1d151000 	C:\Windows\System32\kernel.appcore.dll
0x00007fff1d610000 - 0x00007fff1d627000 	C:\Windows\System32\cryptsp.dll
0x00007ffef07e0000 - 0x00007ffef07fa000 	C:\Program Files\Android\Android Studio\jre\jre\bin\net.dll
0x00007fff1c930000 - 0x00007fff1c997000 	C:\Windows\system32\mswsock.dll
0x00007ffef07c0000 - 0x00007ffef07d3000 	C:\Program Files\Android\Android Studio\jre\jre\bin\nio.dll
0x00007fff09160000 - 0x00007fff09186000 	C:\Users\chenciling\.gradle\native\30\windows-amd64\native-platform.dll
0x00007ffef07b0000 - 0x00007ffef07bd000 	C:\Program Files\Android\Android Studio\jre\jre\bin\management.dll
0x00007fff1c4b0000 - 0x00007fff1c4e3000 	C:\Windows\system32\rsaenh.dll
0x00007fff1d330000 - 0x00007fff1d356000 	C:\Windows\System32\bcrypt.dll
0x00007fff1d010000 - 0x00007fff1d035000 	C:\Windows\SYSTEM32\USERENV.dll
0x00007fff1cb00000 - 0x00007fff1cb0c000 	C:\Windows\SYSTEM32\CRYPTBASE.dll
0x00007fff1c640000 - 0x00007fff1c67a000 	C:\Windows\SYSTEM32\IPHLPAPI.DLL
0x00007fff1e640000 - 0x00007fff1e648000 	C:\Windows\System32\NSI.dll
0x00007fff152b0000 - 0x00007fff152c6000 	C:\Windows\SYSTEM32\dhcpcsvc6.DLL
0x00007fff15290000 - 0x00007fff152ac000 	C:\Windows\SYSTEM32\dhcpcsvc.DLL
0x00007fff1c680000 - 0x00007fff1c74b000 	C:\Windows\SYSTEM32\DNSAPI.dll
0x00007fff1c240000 - 0x00007fff1c271000 	C:\Windows\SYSTEM32\ntmarta.dll

VM Arguments:
jvm_args: -Xmx1536m -Dfile.encoding=GBK -Duser.country=CN -Duser.language=zh -Duser.variant 
java_command: org.gradle.launcher.daemon.bootstrap.GradleDaemon 5.6.4
java_class_path (initial): C:\Users\chenciling\.gradle\wrapper\dists\gradle-5.6.4-all\ankdp27end7byghfw1q2sw75f\gradle-5.6.4\lib\gradle-launcher-5.6.4.jar
Launcher Type: SUN_STANDARD

Environment Variables:
JAVA_HOME=C:\Program Files\Java\jdk1.8.0_91
PATH=C:\ProgramData\Oracle\Java\javapath;C:\Windows\system32;C:\Windows;C:\Windows\System32\Wbem;C:\Windows\System32\WindowsPowerShell\v1.0\;C:\Windows\System32\OpenSSH\;C:\Program Files (x86)\NVIDIA Corporation\PhysX\Common;C:\Program Files\NVIDIA Corporation\NVIDIA NvDLISR;C:\Program Files\Java\jdk1.8.0_91bin;C:\Program Files\Java\jdk1.8.0_91\bin;C:\Program Files\Java\jdk1.8.0_91\jre\bin;C:\Program Files\Git\cmd;C:\Users\chenciling\AppData\Local\Microsoft\WindowsApps;;D:\App\fiddler
USERNAME=chenciling
OS=Windows_NT
PROCESSOR_IDENTIFIER=Intel64 Family 6 Model 142 Stepping 12, GenuineIntel



---------------  S Y S T E M  ---------------

OS: Windows 10.0 , 64 bit Build 18362 (10.0.18362.1500)

CPU:total 8 (initial active 8) (4 cores per cpu, 2 threads per core) family 6 model 142 stepping 12, cmov, cx8, fxsr, mmx, sse, sse2, sse3, ssse3, sse4.1, sse4.2, popcnt, avx, avx2, aes, clmul, erms, 3dnowpref, lzcnt, ht, tsc, tscinvbit, bmi1, bmi2, adx

Memory: 4k page, physical 16605940k(800168k free), swap 32334576k(4452k free)

vm_info: OpenJDK 64-Bit Server VM (25.242-b01) for windows-amd64 JRE (1.8.0_242-release-1644-b01), built by "builder" with MS VC++ 10.0 (VS2010)

time: Mon May 16 18:08:40 2022
timezone: 中国标准时间
elapsed time: 18 seconds (0d 0h 0m 18s)

