#
# There is insufficient memory for the Java Runtime Environment to continue.
# Native memory allocation (malloc) failed to allocate 131088 bytes for Chunk::new
# Possible reasons:
#   The system is out of physical RAM or swap space
#   The process is running with CompressedOops enabled, and the Java Heap may be blocking the growth of the native heap
# Possible solutions:
#   Reduce memory load on the system
#   Increase physical memory or swap space
#   Check if swap backing store is full
#   Decrease Java heap size (-Xmx/-Xms)
#   Decrease number of Java threads
#   Decrease Java thread stack sizes (-Xss)
#   Set larger code cache with -XX:ReservedCodeCacheSize=
#   JVM is running with Unscaled Compressed Oops mode in which the Java heap is
#     placed in the first 4GB address space. The Java Heap base address is the
#     maximum limit for the native heap growth. Please use -XX:HeapBaseMinAddress
#     to set the Java Heap base and to place the Java Heap above 4GB virtual address.
# This output file may be truncated or incomplete.
#
#  Out of Memory Error (allocation.cpp:389), pid=12876, tid=0x0000000000004208
#
# JRE version: OpenJDK Runtime Environment (8.0_242-b01) (build 1.8.0_242-release-1644-b01)
# Java VM: OpenJDK 64-Bit Server VM (25.242-b01 mixed mode windows-amd64 compressed oops)
# Failed to write core dump. Minidumps are not enabled by default on client versions of Windows
#

---------------  T H R E A D  ---------------

Current thread (0x0000000018971000):  JavaThread "C2 CompilerThread1" daemon [_thread_in_native, id=16904, stack(0x0000000019240000,0x0000000019340000)]

Stack: [0x0000000019240000,0x0000000019340000]
[error occurred during error reporting (printing stack bounds), id 0xc0000005]

Native frames: (J=compiled Java code, j=interpreted, Vv=VM code, C=native code)


Current CompileTask:
C2: 165439 14899       4       org.gradle.internal.instantiation.AbstractClassGenerator::inspectType (559 bytes)


---------------  P R O C E S S  ---------------

Java Threads: ( => current thread )
  0x000000001a574800 JavaThread "Execution worker for ':' Thread 7" [_thread_blocked, id=32588, stack(0x0000000027fb0000,0x00000000280b0000)]
  0x000000001a579000 JavaThread "Execution worker for ':' Thread 6" [_thread_blocked, id=5164, stack(0x0000000027690000,0x0000000027790000)]
  0x000000001a576000 JavaThread "Execution worker for ':' Thread 5" [_thread_in_Java, id=26940, stack(0x0000000027590000,0x0000000027690000)]
  0x000000001a575000 JavaThread "Execution worker for ':' Thread 4" [_thread_blocked, id=14852, stack(0x0000000027490000,0x0000000027590000)]
  0x000000001a57b800 JavaThread "Execution worker for ':' Thread 3" [_thread_blocked, id=30816, stack(0x00000000267b0000,0x00000000268b0000)]
  0x000000001a576800 JavaThread "Execution worker for ':' Thread 2" [_thread_in_native, id=34568, stack(0x00000000266b0000,0x00000000267b0000)]
  0x000000001a578800 JavaThread "Execution worker for ':'" [_thread_blocked, id=15328, stack(0x00000000260b0000,0x00000000261b0000)]
  0x000000001e1a2800 JavaThread "Cache worker for file content cache (D:\p6\Project\.gradle\5.6.4\fileContent)" [_thread_blocked, id=22928, stack(0x00000000248d0000,0x00000000249d0000)]
  0x000000001e1a0000 JavaThread "Cache worker for Build Output Cleanup Cache (D:\p6\Project\.gradle\buildOutputCleanup)" [_thread_blocked, id=29416, stack(0x0000000023200000,0x0000000023300000)]
  0x000000001e19b000 JavaThread "Build operations Thread 8" [_thread_blocked, id=30144, stack(0x0000000023100000,0x0000000023200000)]
  0x000000001e19e800 JavaThread "Build operations Thread 7" [_thread_blocked, id=25884, stack(0x0000000023000000,0x0000000023100000)]
  0x000000001e199800 JavaThread "Build operations Thread 6" [_thread_blocked, id=13052, stack(0x0000000022f00000,0x0000000023000000)]
  0x000000001e19d000 JavaThread "Build operations Thread 5" [_thread_blocked, id=14024, stack(0x0000000022e00000,0x0000000022f00000)]
  0x000000001e19a000 JavaThread "Build operations Thread 4" [_thread_blocked, id=13204, stack(0x0000000022d00000,0x0000000022e00000)]
  0x000000001e19b800 JavaThread "Build operations Thread 3" [_thread_blocked, id=6812, stack(0x0000000022460000,0x0000000022560000)]
  0x000000001e19c800 JavaThread "Build operations Thread 2" [_thread_blocked, id=34024, stack(0x000000001f750000,0x000000001f850000)]
  0x000000001e6ff800 JavaThread "Build operations" [_thread_blocked, id=34328, stack(0x000000001f650000,0x000000001f750000)]
  0x000000001e6fc800 JavaThread "Cache worker for cache directory md-rule (C:\Users\chenciling\.gradle\caches\5.6.4\md-rule)" [_thread_blocked, id=24084, stack(0x000000001ccb0000,0x000000001cdb0000)]
  0x000000001e6f9800 JavaThread "Cache worker for cache directory md-supplier (C:\Users\chenciling\.gradle\caches\5.6.4\md-supplier)" [_thread_blocked, id=34128, stack(0x000000001cbb0000,0x000000001ccb0000)]
  0x000000001e6fe000 JavaThread "Cache worker for file hash cache (D:\p6\Project\.gradle\5.6.4\fileHashes)" [_thread_blocked, id=27720, stack(0x000000001cab0000,0x000000001cbb0000)]
  0x000000001e6fb800 JavaThread "Thread-50" [_thread_blocked, id=27504, stack(0x000000001c9b0000,0x000000001cab0000)]
  0x000000001e6f3800 JavaThread "Stdin handler" [_thread_blocked, id=33432, stack(0x000000001c8b0000,0x000000001c9b0000)]
  0x000000001e6f2000 JavaThread "Asynchronous log dispatcher for DefaultDaemonConnection: socket connection from /127.0.0.1:52639 to /127.0.0.1:52736" [_thread_blocked, id=33636, stack(0x000000001c5b0000,0x000000001c6b0000)]
  0x000000001e6f8800 JavaThread "Daemon worker Thread 2" [_thread_in_native, id=32936, stack(0x000000001c4b0000,0x000000001c5b0000)]
  0x000000001e6f7000 JavaThread "Cancel handler" [_thread_blocked, id=20652, stack(0x0000000000e20000,0x0000000000f20000)]
  0x000000001e6f5000 JavaThread "Handler for socket connection from /127.0.0.1:52639 to /127.0.0.1:52736" [_thread_in_native, id=28876, stack(0x0000000000ce0000,0x0000000000de0000)]
  0x000000001e6f1000 JavaThread "Daemon Thread 2" [_thread_blocked, id=17448, stack(0x0000000000be0000,0x0000000000ce0000)]
  0x000000001e6f5800 JavaThread "Cache worker for Java compile cache (C:\Users\chenciling\.gradle\caches\5.6.4\javaCompile)" [_thread_blocked, id=27036, stack(0x0000000026ce0000,0x0000000026de0000)]
  0x000000001e1a6000 JavaThread "Cache worker for file content cache (C:\Users\chenciling\.gradle\caches\5.6.4\fileContent)" [_thread_blocked, id=16784, stack(0x0000000022760000,0x0000000022860000)]
  0x000000001e1a7800 JavaThread "Memory manager" [_thread_blocked, id=1504, stack(0x0000000025bb0000,0x0000000025cb0000)]
  0x000000001e19e000 JavaThread "Cache worker for execution history cache (C:\Users\chenciling\.gradle\caches\5.6.4\executionHistory)" [_thread_blocked, id=2512, stack(0x0000000020ef0000,0x0000000020ff0000)]
  0x000000001b3ec800 JavaThread "Cache worker for journal cache (C:\Users\chenciling\.gradle\caches\journal-1)" [_thread_blocked, id=23268, stack(0x000000001d1b0000,0x000000001d2b0000)]
  0x000000001b3ee000 JavaThread "File lock request listener" [_thread_in_native, id=7556, stack(0x000000001d0b0000,0x000000001d1b0000)]
  0x000000001b3b3800 JavaThread "Cache worker for file hash cache (C:\Users\chenciling\.gradle\caches\5.6.4\fileHashes)" [_thread_blocked, id=25716, stack(0x000000001cfb0000,0x000000001d0b0000)]
  0x000000001b2b9800 JavaThread "Daemon periodic checks" [_thread_blocked, id=18180, stack(0x000000001c3b0000,0x000000001c4b0000)]
  0x000000001b2c6000 JavaThread "Incoming local TCP Connector on port 52639" [_thread_in_native, id=18448, stack(0x000000001c200000,0x000000001c300000)]
  0x000000001b1da800 JavaThread "Daemon health stats" [_thread_blocked, id=33444, stack(0x000000001bee0000,0x000000001bfe0000)]
  0x00000000189fd800 JavaThread "Service Thread" daemon [_thread_blocked, id=15088, stack(0x0000000019540000,0x0000000019640000)]
  0x0000000018980800 JavaThread "C1 CompilerThread3" daemon [_thread_in_native, id=4160, stack(0x0000000019440000,0x0000000019540000)]
  0x0000000018979800 JavaThread "C2 CompilerThread2" daemon [_thread_in_native, id=25260, stack(0x0000000019340000,0x0000000019440000)]
=>0x0000000018971000 JavaThread "C2 CompilerThread1" daemon [_thread_in_native, id=16904, stack(0x0000000019240000,0x0000000019340000)]
  0x0000000018918000 JavaThread "C2 CompilerThread0" daemon [_thread_in_native, id=6996, stack(0x0000000019140000,0x0000000019240000)]
  0x0000000018917000 JavaThread "Attach Listener" daemon [_thread_blocked, id=17752, stack(0x0000000019040000,0x0000000019140000)]
  0x0000000018970000 JavaThread "Signal Dispatcher" daemon [_thread_blocked, id=19484, stack(0x0000000018f40000,0x0000000019040000)]
  0x0000000018901800 JavaThread "Finalizer" daemon [_thread_blocked, id=22020, stack(0x0000000018de0000,0x0000000018ee0000)]
  0x0000000018900800 JavaThread "Reference Handler" daemon [_thread_blocked, id=1656, stack(0x0000000018ce0000,0x0000000018de0000)]
  0x0000000000ffe000 JavaThread "main" [_thread_blocked, id=31540, stack(0x0000000002b10000,0x0000000002c10000)]

Other Threads:
  0x0000000016ae8800 VMThread [stack: 0x00000000187e0000,0x00000000188e0000] [id=1272]
  0x00000000189fe800 WatcherThread [stack: 0x0000000019640000,0x0000000019740000] [id=23660]

VM state:not at safepoint (normal execution)

VM Mutex/Monitor currently owned by a thread: None

heap address: 0x00000000a0000000, size: 1536 MB, Compressed Oops mode: 32-bit
Narrow klass base: 0x0000000000000000, Narrow klass shift: 3
Compressed class space size: 1073741824 Address: 0x0000000100000000

Heap:
 PSYoungGen      total 293888K, used 84499K [0x00000000e0000000, 0x00000000fe280000, 0x0000000100000000)
  eden space 243200K, 13% used [0x00000000e0000000,0x00000000e2108e78,0x00000000eed80000)
  from space 50688K, 99% used [0x00000000f3a00000,0x00000000f6b7c030,0x00000000f6b80000)
  to   space 78336K, 0% used [0x00000000eed80000,0x00000000eed80000,0x00000000f3a00000)
 ParOldGen       total 253952K, used 205506K [0x00000000a0000000, 0x00000000af800000, 0x00000000e0000000)
  object space 253952K, 80% used [0x00000000a0000000,0x00000000ac8b0bc0,0x00000000af800000)
 Metaspace       used 88691K, capacity 99342K, committed 100928K, reserved 1134592K
  class space    used 12247K, capacity 15349K, committed 15744K, reserved 1048576K

Card table byte_map: [0x00000000120d0000,0x00000000123e0000] byte_map_base: 0x0000000011bd0000

Marking Bits: (ParMarkBitMap*) 0x000000005537f030
 Begin Bits: [0x0000000012de0000, 0x00000000145e0000)
 End Bits:   [0x00000000145e0000, 0x0000000015de0000)

Polling page: 0x0000000000ad0000

CodeCache: size=245760Kb used=39474Kb max_used=39474Kb free=206285Kb
 bounds [0x0000000002d10000, 0x00000000053e0000, 0x0000000011d10000]
 total_blobs=13573 nmethods=12714 adapters=771
 compilation: enabled

Compilation events (10 events):
Event: 165.432 Thread 0x0000000018980800 15131       1       com.android.resources.ResourceType::getName (5 bytes)
Event: 165.432 Thread 0x0000000018980800 nmethod 15131 0x00000000053d04d0 code [0x00000000053d0620, 0x00000000053d0730]
Event: 165.432 Thread 0x0000000018980800 15132       1       com.android.ide.common.symbols.Symbol$NormalSymbol::getResourceType (5 bytes)
Event: 165.432 Thread 0x0000000018980800 nmethod 15132 0x00000000053d0790 code [0x00000000053d08e0, 0x00000000053d09f0]
Event: 165.434 Thread 0x0000000018980800 15133       2       java.util.Spliterators$1Adapter::hasNext (23 bytes)
Event: 165.434 Thread 0x0000000018980800 nmethod 15133 0x00000000053d0a50 code [0x00000000053d0bc0, 0x00000000053d0d68]
Event: 165.434 Thread 0x0000000018980800 15134       2       java.util.Spliterators$1Adapter::accept (11 bytes)
Event: 165.435 Thread 0x0000000018980800 nmethod 15134 0x00000000053d0e10 code [0x00000000053d0f60, 0x00000000053d10d0]
Event: 165.435 Thread 0x0000000018980800 15135       2       java.util.Spliterators$1Adapter::next (32 bytes)
Event: 165.435 Thread 0x0000000018980800 nmethod 15135 0x00000000053d1150 code [0x00000000053d12c0, 0x00000000053d1538]

GC Heap History (10 events):
Event: 11.856 GC heap before
{Heap before GC invocations=16 (full 3):
 PSYoungGen      total 264704K, used 264688K [0x00000000e0000000, 0x00000000f4a00000, 0x0000000100000000)
  eden space 222208K, 100% used [0x00000000e0000000,0x00000000ed900000,0x00000000ed900000)
  from space 42496K, 99% used [0x00000000f0c80000,0x00000000f35fc030,0x00000000f3600000)
  to   space 52736K, 0% used [0x00000000ed900000,0x00000000ed900000,0x00000000f0c80000)
 ParOldGen       total 253952K, used 98717K [0x00000000a0000000, 0x00000000af800000, 0x00000000e0000000)
  object space 253952K, 38% used [0x00000000a0000000,0x00000000a60674d8,0x00000000af800000)
 Metaspace       used 82665K, capacity 93368K, committed 93528K, reserved 1128448K
  class space    used 11868K, capacity 14966K, committed 14976K, reserved 1048576K
Event: 11.918 GC heap after
Heap after GC invocations=16 (full 3):
 PSYoungGen      total 274944K, used 24647K [0x00000000e0000000, 0x00000000f6b80000, 0x0000000100000000)
  eden space 222208K, 0% used [0x00000000e0000000,0x00000000e0000000,0x00000000ed900000)
  from space 52736K, 46% used [0x00000000ed900000,0x00000000ef111ef8,0x00000000f0c80000)
  to   space 50688K, 0% used [0x00000000f3a00000,0x00000000f3a00000,0x00000000f6b80000)
 ParOldGen       total 253952K, used 141284K [0x00000000a0000000, 0x00000000af800000, 0x00000000e0000000)
  object space 253952K, 55% used [0x00000000a0000000,0x00000000a89f9370,0x00000000af800000)
 Metaspace       used 82665K, capacity 93368K, committed 93528K, reserved 1128448K
  class space    used 11868K, capacity 14966K, committed 14976K, reserved 1048576K
}
Event: 13.676 GC heap before
{Heap before GC invocations=17 (full 3):
 PSYoungGen      total 274944K, used 246855K [0x00000000e0000000, 0x00000000f6b80000, 0x0000000100000000)
  eden space 222208K, 100% used [0x00000000e0000000,0x00000000ed900000,0x00000000ed900000)
  from space 52736K, 46% used [0x00000000ed900000,0x00000000ef111ef8,0x00000000f0c80000)
  to   space 50688K, 0% used [0x00000000f3a00000,0x00000000f3a00000,0x00000000f6b80000)
 ParOldGen       total 253952K, used 141284K [0x00000000a0000000, 0x00000000af800000, 0x00000000e0000000)
  object space 253952K, 55% used [0x00000000a0000000,0x00000000a89f9370,0x00000000af800000)
 Metaspace       used 84568K, capacity 95918K, committed 95960K, reserved 1130496K
  class space    used 12119K, capacity 15325K, committed 15360K, reserved 1048576K
Event: 13.731 GC heap after
Heap after GC invocations=17 (full 3):
 PSYoungGen      total 311296K, used 50684K [0x00000000e0000000, 0x00000000f8100000, 0x0000000100000000)
  eden space 260608K, 0% used [0x00000000e0000000,0x00000000e0000000,0x00000000efe80000)
  from space 50688K, 99% used [0x00000000f3a00000,0x00000000f6b7f2b8,0x00000000f6b80000)
  to   space 60928K, 0% used [0x00000000efe80000,0x00000000efe80000,0x00000000f3a00000)
 ParOldGen       total 253952K, used 148181K [0x00000000a0000000, 0x00000000af800000, 0x00000000e0000000)
  object space 253952K, 58% used [0x00000000a0000000,0x00000000a90b56a0,0x00000000af800000)
 Metaspace       used 84568K, capacity 95918K, committed 95960K, reserved 1130496K
  class space    used 12119K, capacity 15325K, committed 15360K, reserved 1048576K
}
Event: 13.893 GC heap before
{Heap before GC invocations=18 (full 3):
 PSYoungGen      total 311296K, used 80265K [0x00000000e0000000, 0x00000000f8100000, 0x0000000100000000)
  eden space 260608K, 11% used [0x00000000e0000000,0x00000000e1ce32e8,0x00000000efe80000)
  from space 50688K, 99% used [0x00000000f3a00000,0x00000000f6b7f2b8,0x00000000f6b80000)
  to   space 60928K, 0% used [0x00000000efe80000,0x00000000efe80000,0x00000000f3a00000)
 ParOldGen       total 253952K, used 148181K [0x00000000a0000000, 0x00000000af800000, 0x00000000e0000000)
  object space 253952K, 58% used [0x00000000a0000000,0x00000000a90b56a0,0x00000000af800000)
 Metaspace       used 86926K, capacity 98296K, committed 98496K, reserved 1132544K
  class space    used 12283K, capacity 15492K, committed 15616K, reserved 1048576K
Event: 13.940 GC heap after
Heap after GC invocations=18 (full 3):
 PSYoungGen      total 321536K, used 2294K [0x00000000e0000000, 0x00000000f8100000, 0x0000000100000000)
  eden space 260608K, 0% used [0x00000000e0000000,0x00000000e0000000,0x00000000efe80000)
  from space 60928K, 3% used [0x00000000efe80000,0x00000000f00bda98,0x00000000f3a00000)
  to   space 50688K, 0% used [0x00000000f3a00000,0x00000000f3a00000,0x00000000f6b80000)
 ParOldGen       total 253952K, used 197929K [0x00000000a0000000, 0x00000000af800000, 0x00000000e0000000)
  object space 253952K, 77% used [0x00000000a0000000,0x00000000ac14a568,0x00000000af800000)
 Metaspace       used 86926K, capacity 98296K, committed 98496K, reserved 1132544K
  class space    used 12283K, capacity 15492K, committed 15616K, reserved 1048576K
}
Event: 13.940 GC heap before
{Heap before GC invocations=19 (full 4):
 PSYoungGen      total 321536K, used 2294K [0x00000000e0000000, 0x00000000f8100000, 0x0000000100000000)
  eden space 260608K, 0% used [0x00000000e0000000,0x00000000e0000000,0x00000000efe80000)
  from space 60928K, 3% used [0x00000000efe80000,0x00000000f00bda98,0x00000000f3a00000)
  to   space 50688K, 0% used [0x00000000f3a00000,0x00000000f3a00000,0x00000000f6b80000)
 ParOldGen       total 253952K, used 197929K [0x00000000a0000000, 0x00000000af800000, 0x00000000e0000000)
  object space 253952K, 77% used [0x00000000a0000000,0x00000000ac14a568,0x00000000af800000)
 Metaspace       used 86926K, capacity 98296K, committed 98496K, reserved 1132544K
  class space    used 12283K, capacity 15492K, committed 15616K, reserved 1048576K
Event: 14.767 GC heap after
Heap after GC invocations=19 (full 4):
 PSYoungGen      total 321536K, used 0K [0x00000000e0000000, 0x00000000f8100000, 0x0000000100000000)
  eden space 260608K, 0% used [0x00000000e0000000,0x00000000e0000000,0x00000000efe80000)
  from space 60928K, 0% used [0x00000000efe80000,0x00000000efe80000,0x00000000f3a00000)
  to   space 50688K, 0% used [0x00000000f3a00000,0x00000000f3a00000,0x00000000f6b80000)
 ParOldGen       total 253952K, used 177004K [0x00000000a0000000, 0x00000000af800000, 0x00000000e0000000)
  object space 253952K, 69% used [0x00000000a0000000,0x00000000aacdb168,0x00000000af800000)
 Metaspace       used 86406K, capacity 96830K, committed 98496K, reserved 1132544K
  class space    used 12108K, capacity 15187K, committed 15616K, reserved 1048576K
}
Event: 165.264 GC heap before
{Heap before GC invocations=20 (full 4):
 PSYoungGen      total 321536K, used 260608K [0x00000000e0000000, 0x00000000f8100000, 0x0000000100000000)
  eden space 260608K, 100% used [0x00000000e0000000,0x00000000efe80000,0x00000000efe80000)
  from space 60928K, 0% used [0x00000000efe80000,0x00000000efe80000,0x00000000f3a00000)
  to   space 50688K, 0% used [0x00000000f3a00000,0x00000000f3a00000,0x00000000f6b80000)
 ParOldGen       total 253952K, used 177004K [0x00000000a0000000, 0x00000000af800000, 0x00000000e0000000)
  object space 253952K, 69% used [0x00000000a0000000,0x00000000aacdb168,0x00000000af800000)
 Metaspace       used 87798K, capacity 98334K, committed 100032K, reserved 1134592K
  class space    used 12158K, capacity 15257K, committed 15616K, reserved 1048576K
Event: 165.329 GC heap after
Heap after GC invocations=20 (full 4):
 PSYoungGen      total 293888K, used 50672K [0x00000000e0000000, 0x00000000fe280000, 0x0000000100000000)
  eden space 243200K, 0% used [0x00000000e0000000,0x00000000e0000000,0x00000000eed80000)
  from space 50688K, 99% used [0x00000000f3a00000,0x00000000f6b7c030,0x00000000f6b80000)
  to   space 78336K, 0% used [0x00000000eed80000,0x00000000eed80000,0x00000000f3a00000)
 ParOldGen       total 253952K, used 205506K [0x00000000a0000000, 0x00000000af800000, 0x00000000e0000000)
  object space 253952K, 80% used [0x00000000a0000000,0x00000000ac8b0bc0,0x00000000af800000)
 Metaspace       used 87798K, capacity 98334K, committed 100032K, reserved 1134592K
  class space    used 12158K, capacity 15257K, committed 15616K, reserved 1048576K
}

Deoptimization events (10 events):
Event: 165.369 Thread 0x000000001b3ec800 Uncommon trap: reason=bimorphic action=maybe_recompile pc=0x00000000048bea80 method=java.util.Collections.indexedBinarySearch(Ljava/util/List;Ljava/lang/Object;)I @ 39
Event: 165.369 Thread 0x000000001e6f8800 Uncommon trap: reason=unstable_if action=reinterpret pc=0x0000000003b2dabc method=com.google.gson.stream.JsonReader.nextNonWhitespace(Z)I @ 277
Event: 165.369 Thread 0x000000001b3ec800 Uncommon trap: reason=bimorphic action=maybe_recompile pc=0x00000000048bea80 method=java.util.Collections.indexedBinarySearch(Ljava/util/List;Ljava/lang/Object;)I @ 39
Event: 165.370 Thread 0x000000001b3ec800 Uncommon trap: reason=bimorphic action=maybe_recompile pc=0x00000000048bea80 method=java.util.Collections.indexedBinarySearch(Ljava/util/List;Ljava/lang/Object;)I @ 39
Event: 165.389 Thread 0x000000001a575000 Uncommon trap: reason=class_check action=maybe_recompile pc=0x000000000323abb0 method=java.util.zip.InflaterInputStream.read([BII)I @ 100
Event: 165.389 Thread 0x000000001e6f8800 Uncommon trap: reason=class_check action=maybe_recompile pc=0x000000000323abb0 method=java.util.zip.InflaterInputStream.read([BII)I @ 100
Event: 165.391 Thread 0x000000001e6f8800 Uncommon trap: reason=class_check action=maybe_recompile pc=0x000000000323abb0 method=java.util.zip.InflaterInputStream.read([BII)I @ 100
Event: 165.392 Thread 0x000000001a579000 Uncommon trap: reason=class_check action=maybe_recompile pc=0x000000000323abb0 method=java.util.zip.InflaterInputStream.read([BII)I @ 100
Event: 165.392 Thread 0x000000001a576000 Uncommon trap: reason=class_check action=maybe_recompile pc=0x000000000323abb0 method=java.util.zip.InflaterInputStream.read([BII)I @ 100
Event: 165.392 Thread 0x000000001a574800 Uncommon trap: reason=class_check action=maybe_recompile pc=0x000000000323abb0 method=java.util.zip.InflaterInputStream.read([BII)I @ 100

Classes redefined (0 events):
No events

Internal exceptions (10 events):
Event: 13.803 Thread 0x000000001b2f5800 Exception <a 'java/lang/NoSuchMethodError': <clinit>> (0x00000000e130fa88) thrown at [C:\src\AOSP-openjdk-git\hotspot\src\share\vm\prims\jni.cpp, line 1615]
Event: 13.804 Thread 0x000000001b2f5800 Exception <a 'java/lang/NoSuchMethodError': <clinit>> (0x00000000e131a240) thrown at [C:\src\AOSP-openjdk-git\hotspot\src\share\vm\prims\jni.cpp, line 1615]
Event: 13.805 Thread 0x000000001b2f5800 Exception <a 'java/lang/NoSuchMethodError': <clinit>> (0x00000000e1333bc0) thrown at [C:\src\AOSP-openjdk-git\hotspot\src\share\vm\prims\jni.cpp, line 1615]
Event: 13.806 Thread 0x000000001b2f5800 Exception <a 'java/lang/NoSuchMethodError': <clinit>> (0x00000000e1344750) thrown at [C:\src\AOSP-openjdk-git\hotspot\src\share\vm\prims\jni.cpp, line 1615]
Event: 164.031 Thread 0x000000001e6f8800 Implicit null exception at 0x0000000004d60e8b to 0x0000000004d61091
Event: 164.031 Thread 0x000000001e6f8800 Implicit null exception at 0x0000000004d28cf2 to 0x0000000004d28f85
Event: 164.031 Thread 0x000000001e6f8800 Implicit null exception at 0x000000000452c27f to 0x000000000452c81d
Event: 164.171 Thread 0x000000001e6f8800 Implicit null exception at 0x000000000482561f to 0x000000000482574d
Event: 165.372 Thread 0x000000001a578800 Exception <a 'sun/nio/fs/WindowsException'> (0x00000000e0545558) thrown at [C:\src\AOSP-openjdk-git\hotspot\src\share\vm\prims\jni.cpp, line 710]
Event: 165.373 Thread 0x000000001a576800 Exception <a 'sun/nio/fs/WindowsException'> (0x00000000e0c19238) thrown at [C:\src\AOSP-openjdk-git\hotspot\src\share\vm\prims\jni.cpp, line 710]

Events (10 events):
Event: 165.436 loading class com/android/tools/build/jetifier/processor/transform/bytecode/CoreRemapperImpl$Companion
Event: 165.436 loading class com/android/tools/build/jetifier/processor/transform/bytecode/CoreRemapperImpl$Companion done
Event: 165.436 loading class com/google/common/collect/AbstractTable$CellSet
Event: 165.437 loading class org/jdom2/input/sax/XMLReaders$NONSingleton
Event: 165.437 loading class org/jdom2/input/sax/XMLReaders$NONSingleton done
Event: 165.437 loading class com/google/common/collect/AbstractTable$CellSet done
Event: 165.437 Executing VM operation: RevokeBias
Event: 165.437 Executing VM operation: RevokeBias done
Event: 165.438 loading class org/objectweb/asm/commons/ClassRemapper
Event: 165.438 loading class org/objectweb/asm/commons/ClassRemapper done


Dynamic libraries:
0x00007ff708f90000 - 0x00007ff708fc1000 	C:\Program Files\Android\Android Studio\jre\bin\java.exe
0x00007fff20240000 - 0x00007fff20430000 	C:\Windows\SYSTEM32\ntdll.dll
0x00007fff1e650000 - 0x00007fff1e702000 	C:\Windows\System32\KERNEL32.DLL
0x00007fff1d360000 - 0x00007fff1d605000 	C:\Windows\System32\KERNELBASE.dll
0x00007fff20010000 - 0x00007fff200b3000 	C:\Windows\System32\ADVAPI32.dll
0x00007fff1f850000 - 0x00007fff1f8ee000 	C:\Windows\System32\msvcrt.dll
0x00007fff1f9c0000 - 0x00007fff1fa57000 	C:\Windows\System32\sechost.dll
0x00007fff1ea30000 - 0x00007fff1eb4f000 	C:\Windows\System32\RPCRT4.dll
0x00007fff1eb50000 - 0x00007fff1ece4000 	C:\Windows\System32\USER32.dll
0x00007fff1da90000 - 0x00007fff1dab1000 	C:\Windows\System32\win32u.dll
0x00007fff1e370000 - 0x00007fff1e396000 	C:\Windows\System32\GDI32.dll
0x00007fff1d690000 - 0x00007fff1d828000 	C:\Windows\System32\gdi32full.dll
0x00007fff1d1b0000 - 0x00007fff1d24e000 	C:\Windows\System32\msvcp_win.dll
0x00007fff1d830000 - 0x00007fff1d92a000 	C:\Windows\System32\ucrtbase.dll
0x00007fff0a130000 - 0x00007fff0a3b4000 	C:\Windows\WinSxS\amd64_microsoft.windows.common-controls_6595b64144ccf1df_6.0.18362.1556_none_9e7e372fe45e41d5\COMCTL32.dll
0x00007fff1fc60000 - 0x00007fff1ff96000 	C:\Windows\System32\combase.dll
0x00007fff1d250000 - 0x00007fff1d2d1000 	C:\Windows\System32\bcryptPrimitives.dll
0x00007fff1e8c0000 - 0x00007fff1e8ee000 	C:\Windows\System32\IMM32.DLL
0x0000000053e30000 - 0x0000000053f02000 	C:\Program Files\Android\Android Studio\jre\jre\bin\msvcr100.dll
0x0000000054bb0000 - 0x00000000553fb000 	C:\Program Files\Android\Android Studio\jre\jre\bin\server\jvm.dll
0x00007fff1fbf0000 - 0x00007fff1fbf8000 	C:\Windows\System32\PSAPI.DLL
0x00007fff1ab90000 - 0x00007fff1abb4000 	C:\Windows\SYSTEM32\WINMM.dll
0x00007fff01de0000 - 0x00007fff01de9000 	C:\Windows\SYSTEM32\WSOCK32.dll
0x00007fff167e0000 - 0x00007fff167ea000 	C:\Windows\SYSTEM32\VERSION.dll
0x00007fff1ffa0000 - 0x00007fff2000f000 	C:\Windows\System32\WS2_32.dll
0x00007fff1ab60000 - 0x00007fff1ab8d000 	C:\Windows\SYSTEM32\winmmbase.dll
0x00007fff1d2e0000 - 0x00007fff1d32a000 	C:\Windows\System32\cfgmgr32.dll
0x00007fff09570000 - 0x00007fff0957f000 	C:\Program Files\Android\Android Studio\jre\jre\bin\verify.dll
0x00007fff05bd0000 - 0x00007fff05bf9000 	C:\Program Files\Android\Android Studio\jre\jre\bin\java.dll
0x00007fff05bb0000 - 0x00007fff05bc6000 	C:\Program Files\Android\Android Studio\jre\jre\bin\zip.dll
0x00007fff1ecf0000 - 0x00007fff1f3d7000 	C:\Windows\System32\SHELL32.dll
0x00007fff1fae0000 - 0x00007fff1fb88000 	C:\Windows\System32\shcore.dll
0x00007fff1db70000 - 0x00007fff1e2eb000 	C:\Windows\System32\windows.storage.dll
0x00007fff1d120000 - 0x00007fff1d13e000 	C:\Windows\System32\profapi.dll
0x00007fff1d160000 - 0x00007fff1d1aa000 	C:\Windows\System32\powrprof.dll
0x00007fff1d0f0000 - 0x00007fff1d100000 	C:\Windows\System32\UMPDC.dll
0x00007fff1e3a0000 - 0x00007fff1e3f2000 	C:\Windows\System32\shlwapi.dll
0x00007fff1d140000 - 0x00007fff1d151000 	C:\Windows\System32\kernel.appcore.dll
0x00007fff1d610000 - 0x00007fff1d627000 	C:\Windows\System32\cryptsp.dll
0x00007ffef07e0000 - 0x00007ffef07fa000 	C:\Program Files\Android\Android Studio\jre\jre\bin\net.dll
0x00007fff1c930000 - 0x00007fff1c997000 	C:\Windows\system32\mswsock.dll
0x00007ffef07c0000 - 0x00007ffef07d3000 	C:\Program Files\Android\Android Studio\jre\jre\bin\nio.dll
0x00007fff09160000 - 0x00007fff09186000 	C:\Users\chenciling\.gradle\native\30\windows-amd64\native-platform.dll
0x00007ffef07b0000 - 0x00007ffef07bd000 	C:\Program Files\Android\Android Studio\jre\jre\bin\management.dll
0x00007fff1c4b0000 - 0x00007fff1c4e3000 	C:\Windows\system32\rsaenh.dll
0x00007fff1d330000 - 0x00007fff1d356000 	C:\Windows\System32\bcrypt.dll
0x00007fff1d010000 - 0x00007fff1d035000 	C:\Windows\SYSTEM32\USERENV.dll
0x00007fff1cb00000 - 0x00007fff1cb0c000 	C:\Windows\SYSTEM32\CRYPTBASE.dll
0x00007fff1c640000 - 0x00007fff1c67a000 	C:\Windows\SYSTEM32\IPHLPAPI.DLL
0x00007fff1e640000 - 0x00007fff1e648000 	C:\Windows\System32\NSI.dll
0x00007fff152b0000 - 0x00007fff152c6000 	C:\Windows\SYSTEM32\dhcpcsvc6.DLL
0x00007fff15290000 - 0x00007fff152ac000 	C:\Windows\SYSTEM32\dhcpcsvc.DLL
0x00007fff1c680000 - 0x00007fff1c74b000 	C:\Windows\SYSTEM32\DNSAPI.dll

VM Arguments:
jvm_args: -Xmx1536m -Dfile.encoding=GBK -Duser.country=CN -Duser.language=zh -Duser.variant 
java_command: org.gradle.launcher.daemon.bootstrap.GradleDaemon 5.6.4
java_class_path (initial): C:\Users\chenciling\.gradle\wrapper\dists\gradle-5.6.4-all\ankdp27end7byghfw1q2sw75f\gradle-5.6.4\lib\gradle-launcher-5.6.4.jar
Launcher Type: SUN_STANDARD

Environment Variables:
JAVA_HOME=C:\Program Files\Java\jdk1.8.0_91
PATH=C:\ProgramData\Oracle\Java\javapath;C:\Windows\system32;C:\Windows;C:\Windows\System32\Wbem;C:\Windows\System32\WindowsPowerShell\v1.0\;C:\Windows\System32\OpenSSH\;C:\Program Files (x86)\NVIDIA Corporation\PhysX\Common;C:\Program Files\NVIDIA Corporation\NVIDIA NvDLISR;C:\Program Files\Java\jdk1.8.0_91bin;C:\Program Files\Java\jdk1.8.0_91\bin;C:\Program Files\Java\jdk1.8.0_91\jre\bin;C:\Program Files\Git\cmd;C:\Users\chenciling\AppData\Local\Microsoft\WindowsApps;;D:\App\fiddler
USERNAME=chenciling
OS=Windows_NT
PROCESSOR_IDENTIFIER=Intel64 Family 6 Model 142 Stepping 12, GenuineIntel



---------------  S Y S T E M  ---------------

OS: Windows 10.0 , 64 bit Build 18362 (10.0.18362.1500)

CPU:total 8 (initial active 8) (4 cores per cpu, 2 threads per core) family 6 model 142 stepping 12, cmov, cx8, fxsr, mmx, sse, sse2, sse3, ssse3, sse4.1, sse4.2, popcnt, avx, avx2, aes, clmul, erms, 3dnowpref, lzcnt, ht, tsc, tscinvbit, bmi1, bmi2, adx

Memory: 4k page, physical 16605940k(997820k free), swap 32334576k(2240k free)

vm_info: OpenJDK 64-Bit Server VM (25.242-b01) for windows-amd64 JRE (1.8.0_242-release-1644-b01), built by "builder" with MS VC++ 10.0 (VS2010)

time: Mon May 16 18:03:41 2022
timezone: 中国标准时间
elapsed time: 165 seconds (0d 0h 2m 45s)

