#
# There is insufficient memory for the Java Runtime Environment to continue.
# Native memory allocation (malloc) failed to allocate 32744 bytes for ChunkPool::allocate
# Possible reasons:
#   The system is out of physical RAM or swap space
#   The process is running with CompressedOops enabled, and the Java Heap may be blocking the growth of the native heap
# Possible solutions:
#   Reduce memory load on the system
#   Increase physical memory or swap space
#   Check if swap backing store is full
#   Decrease Java heap size (-Xmx/-Xms)
#   Decrease number of Java threads
#   Decrease Java thread stack sizes (-Xss)
#   Set larger code cache with -XX:ReservedCodeCacheSize=
#   JVM is running with Unscaled Compressed Oops mode in which the Java heap is
#     placed in the first 4GB address space. The Java Heap base address is the
#     maximum limit for the native heap growth. Please use -XX:HeapBaseMinAddress
#     to set the Java Heap base and to place the Java Heap above 4GB virtual address.
# This output file may be truncated or incomplete.
#
#  Out of Memory Error (allocation.cpp:272), pid=26220, tid=0x00000000000027f8
#
# JRE version: OpenJDK Runtime Environment (8.0_242-b01) (build 1.8.0_242-release-1644-b01)
# Java VM: OpenJDK 64-Bit Server VM (25.242-b01 mixed mode windows-amd64 compressed oops)
# Failed to write core dump. Minidumps are not enabled by default on client versions of Windows
#

---------------  T H R E A D  ---------------

Current thread (0x000000001861c000):  JavaThread "C2 CompilerThread1" daemon [_thread_in_native, id=10232, stack(0x0000000018ee0000,0x0000000018fe0000)]

Stack: [0x0000000018ee0000,0x0000000018fe0000]
[error occurred during error reporting (printing stack bounds), id 0xc0000005]

Native frames: (J=compiled Java code, j=interpreted, Vv=VM code, C=native code)


Current CompileTask:
C2: 790273 28546       4       com.android.tools.r8.ir.regalloc.LinearScanRegisterAllocator::a (930 bytes)


---------------  P R O C E S S  ---------------

Java Threads: ( => current thread )
  0x000000001b452000 JavaThread "stdout" [_thread_in_native, id=22856, stack(0x000000002b750000,0x000000002b850000)]
  0x000000001b44f000 JavaThread "stderr" [_thread_in_native, id=9252, stack(0x000000002b450000,0x000000002b550000)]
  0x000000001b453800 JavaThread "stdout" [_thread_in_native, id=11656, stack(0x000000002b350000,0x000000002b450000)]
  0x000000001e5aa000 JavaThread "stderr" [_thread_in_native, id=30992, stack(0x000000002b250000,0x000000002b350000)]
  0x000000001e5a8800 JavaThread "stdout" [_thread_in_native, id=3772, stack(0x000000002b150000,0x000000002b250000)]
  0x000000001e5a8000 JavaThread "stderr" [_thread_in_native, id=32636, stack(0x000000002b050000,0x000000002b150000)]
  0x000000001e5a9800 JavaThread "stdout" [_thread_in_native, id=5168, stack(0x000000002af50000,0x000000002b050000)]
  0x000000001e59f000 JavaThread "stderr" [_thread_in_native, id=2156, stack(0x000000002ae50000,0x000000002af50000)]
  0x000000001e5a5800 JavaThread "stdout" [_thread_in_native, id=9628, stack(0x00000000283d0000,0x00000000284d0000)]
  0x000000001e59e000 JavaThread "stderr" [_thread_in_native, id=27008, stack(0x00000000282d0000,0x00000000283d0000)]
  0x000000001e5a5000 JavaThread "stdout" [_thread_in_native, id=3548, stack(0x00000000281d0000,0x00000000282d0000)]
  0x000000001e59d800 JavaThread "stderr" [_thread_in_native, id=30312, stack(0x00000000280d0000,0x00000000281d0000)]
  0x000000001e5a4000 JavaThread "WorkerExecutor Queue Thread 8" [_thread_in_native, id=34624, stack(0x0000000027fd0000,0x00000000280d0000)]
  0x000000001e59c000 JavaThread "WorkerExecutor Queue Thread 7" [_thread_blocked, id=12476, stack(0x0000000027ed0000,0x0000000027fd0000)]
  0x000000001e5a2800 JavaThread "WorkerExecutor Queue Thread 6" [_thread_blocked, id=2072, stack(0x0000000027dd0000,0x0000000027ed0000)]
  0x000000001e59b000 JavaThread "WorkerExecutor Queue Thread 5" [_thread_blocked, id=22632, stack(0x0000000027cd0000,0x0000000027dd0000)]
  0x000000001e5a2000 JavaThread "stdout" [_thread_in_native, id=33620, stack(0x0000000027bd0000,0x0000000027cd0000)]
  0x000000001e5a1000 JavaThread "stderr" [_thread_in_native, id=17652, stack(0x0000000027ad0000,0x0000000027bd0000)]
  0x000000001e59c800 JavaThread "WorkerExecutor Queue Thread 4" [_thread_blocked, id=32188, stack(0x00000000279d0000,0x0000000027ad0000)]
  0x000000001e422800 JavaThread "pool-15-thread-1" [_thread_blocked, id=14892, stack(0x00000000278d0000,0x00000000279d0000)]
  0x000000001e41d000 JavaThread "WorkerExecutor Queue Thread 3" [_thread_blocked, id=34408, stack(0x00000000277d0000,0x00000000278d0000)]
  0x000000001e41e000 JavaThread "WorkerExecutor Queue Thread 2" [_thread_blocked, id=18100, stack(0x00000000276d0000,0x00000000277d0000)]
  0x000000001e41f000 JavaThread "WorkerExecutor Queue" [_thread_blocked, id=5040, stack(0x00000000275d0000,0x00000000276d0000)]
  0x000000001e420800 JavaThread "Cache worker for execution history cache (D:\p6\Project\.gradle\5.6.4\executionHistory)" [_thread_blocked, id=19288, stack(0x00000000273d0000,0x00000000274d0000)]
  0x000000001e41c800 JavaThread "Execution worker for ':' Thread 7" [_thread_blocked, id=34364, stack(0x00000000272d0000,0x00000000273d0000)]
  0x000000001e41b800 JavaThread "Execution worker for ':' Thread 6" [_thread_blocked, id=9596, stack(0x0000000026fd0000,0x00000000270d0000)]
  0x000000001e416800 JavaThread "Execution worker for ':' Thread 5" [_thread_blocked, id=6208, stack(0x0000000026ed0000,0x0000000026fd0000)]
  0x000000001e41b000 JavaThread "Execution worker for ':' Thread 4" [_thread_in_Java, id=21932, stack(0x00000000269d0000,0x0000000026ad0000)]
  0x000000001e415000 JavaThread "Execution worker for ':' Thread 3" [_thread_blocked, id=30712, stack(0x00000000263d0000,0x00000000264d0000)]
  0x000000001e41a000 JavaThread "Execution worker for ':' Thread 2" [_thread_blocked, id=34120, stack(0x0000000025910000,0x0000000025a10000)]
  0x000000001e415800 JavaThread "Execution worker for ':'" [_thread_blocked, id=31328, stack(0x00000000256a0000,0x00000000257a0000)]
  0x000000001e414000 JavaThread "Cache worker for file content cache (D:\p6\Project\.gradle\5.6.4\fileContent)" [_thread_blocked, id=584, stack(0x00000000242a0000,0x00000000243a0000)]
  0x000000001e418000 JavaThread "Cache worker for Build Output Cleanup Cache (D:\p6\Project\.gradle\buildOutputCleanup)" [_thread_blocked, id=23112, stack(0x0000000023ba0000,0x0000000023ca0000)]
  0x000000001e418800 JavaThread "Build operations Thread 8" [_thread_blocked, id=27172, stack(0x0000000023aa0000,0x0000000023ba0000)]
  0x000000002a007000 JavaThread "Build operations Thread 7" [_thread_blocked, id=31652, stack(0x00000000239a0000,0x0000000023aa0000)]
  0x000000002a007800 JavaThread "Build operations Thread 6" [_thread_blocked, id=26204, stack(0x00000000238a0000,0x00000000239a0000)]
  0x000000002a006000 JavaThread "Build operations Thread 5" [_thread_blocked, id=32776, stack(0x0000000022770000,0x0000000022870000)]
  0x000000002a005800 JavaThread "Build operations Thread 4" [_thread_blocked, id=33928, stack(0x0000000022670000,0x0000000022770000)]
  0x000000002a004800 JavaThread "Build operations Thread 3" [_thread_blocked, id=30980, stack(0x00000000220b0000,0x00000000221b0000)]
  0x000000002a009000 JavaThread "Build operations Thread 2" [_thread_blocked, id=34132, stack(0x0000000021fb0000,0x00000000220b0000)]
  0x000000002a00a000 JavaThread "Build operations" [_thread_blocked, id=15384, stack(0x0000000020970000,0x0000000020a70000)]
  0x0000000029ffc000 JavaThread "Cache worker for cache directory md-rule (C:\Users\chenciling\.gradle\caches\5.6.4\md-rule)" [_thread_blocked, id=28176, stack(0x000000001f3f0000,0x000000001f4f0000)]
  0x000000002a003000 JavaThread "Cache worker for cache directory md-supplier (C:\Users\chenciling\.gradle\caches\5.6.4\md-supplier)" [_thread_blocked, id=19876, stack(0x000000001eed0000,0x000000001efd0000)]
  0x000000002a002800 JavaThread "Cache worker for file hash cache (D:\p6\Project\.gradle\5.6.4\fileHashes)" [_thread_blocked, id=18272, stack(0x000000001c930000,0x000000001ca30000)]
  0x0000000029ffa800 JavaThread "Thread-192" [_thread_blocked, id=13728, stack(0x000000001c630000,0x000000001c730000)]
  0x000000002a001800 JavaThread "Stdin handler" [_thread_blocked, id=12284, stack(0x000000001c530000,0x000000001c630000)]
  0x000000002a001000 JavaThread "Asynchronous log dispatcher for DefaultDaemonConnection: socket connection from /127.0.0.1:56657 to /127.0.0.1:52046" [_thread_blocked, id=33316, stack(0x000000001c230000,0x000000001c330000)]
  0x0000000029ffe800 JavaThread "Cancel handler" [_thread_blocked, id=32888, stack(0x0000000000bc0000,0x0000000000cc0000)]
  0x000000002a000000 JavaThread "Handler for socket connection from /127.0.0.1:56657 to /127.0.0.1:52046" [_thread_in_native, id=29184, stack(0x0000000000ac0000,0x0000000000bc0000)]
  0x000000001b27e800 JavaThread "ForkJoinPool.commonPool-worker-2" daemon [_thread_blocked, id=25916, stack(0x000000002d620000,0x000000002d720000)]
  0x000000001b455800 JavaThread "Daemon worker Thread 4" [_thread_blocked, id=18512, stack(0x000000001c130000,0x000000001c230000)]
  0x000000001b452800 JavaThread "Daemon Thread 4" [_thread_blocked, id=32800, stack(0x00000000009c0000,0x0000000000ac0000)]
  0x000000001e5a0800 JavaThread "Cache worker for Java compile cache (C:\Users\chenciling\.gradle\caches\5.6.4\javaCompile)" [_thread_blocked, id=31688, stack(0x00000000274d0000,0x00000000275d0000)]
  0x000000001b110800 JavaThread "Cache worker for file content cache (C:\Users\chenciling\.gradle\caches\5.6.4\fileContent)" [_thread_blocked, id=28748, stack(0x0000000025810000,0x0000000025910000)]
  0x000000001b10f000 JavaThread "Memory manager" [_thread_blocked, id=27976, stack(0x00000000255a0000,0x00000000256a0000)]
  0x000000001b27a000 JavaThread "Cache worker for execution history cache (C:\Users\chenciling\.gradle\caches\5.6.4\executionHistory)" [_thread_blocked, id=3380, stack(0x0000000021cb0000,0x0000000021db0000)]
  0x000000001b27d800 JavaThread "Cache worker for journal cache (C:\Users\chenciling\.gradle\caches\journal-1)" [_thread_blocked, id=26460, stack(0x000000001ce30000,0x000000001cf30000)]
  0x000000001b278800 JavaThread "File lock request listener" [_thread_in_native, id=20952, stack(0x000000001cd30000,0x000000001ce30000)]
  0x000000001b030800 JavaThread "Cache worker for file hash cache (C:\Users\chenciling\.gradle\caches\5.6.4\fileHashes)" [_thread_blocked, id=27520, stack(0x000000001cc30000,0x000000001cd30000)]
  0x000000001ae97000 JavaThread "Daemon periodic checks" [_thread_blocked, id=32784, stack(0x000000001c030000,0x000000001c130000)]
  0x000000001ae94000 JavaThread "Incoming local TCP Connector on port 56657" [_thread_in_native, id=23440, stack(0x000000001be80000,0x000000001bf80000)]
  0x000000001ae2a800 JavaThread "Daemon health stats" [_thread_blocked, id=19624, stack(0x000000001bb80000,0x000000001bc80000)]
  0x00000000186fc800 JavaThread "Service Thread" daemon [_thread_blocked, id=33496, stack(0x00000000191e0000,0x00000000192e0000)]
  0x0000000018684000 JavaThread "C1 CompilerThread3" daemon [_thread_blocked, id=9172, stack(0x00000000190e0000,0x00000000191e0000)]
  0x000000001861d000 JavaThread "C2 CompilerThread2" daemon [_thread_in_native, id=15812, stack(0x0000000018fe0000,0x00000000190e0000)]
=>0x000000001861c000 JavaThread "C2 CompilerThread1" daemon [_thread_in_native, id=10232, stack(0x0000000018ee0000,0x0000000018fe0000)]
  0x0000000018617800 JavaThread "C2 CompilerThread0" daemon [_thread_in_native, id=4416, stack(0x0000000018de0000,0x0000000018ee0000)]
  0x0000000018616000 JavaThread "Attach Listener" daemon [_thread_blocked, id=33036, stack(0x0000000018ce0000,0x0000000018de0000)]
  0x0000000018678800 JavaThread "Signal Dispatcher" daemon [_thread_blocked, id=18760, stack(0x0000000018be0000,0x0000000018ce0000)]
  0x0000000018601800 JavaThread "Finalizer" daemon [_thread_blocked, id=31720, stack(0x0000000018ae0000,0x0000000018be0000)]
  0x0000000018600800 JavaThread "Reference Handler" daemon [_thread_blocked, id=3676, stack(0x00000000189e0000,0x0000000018ae0000)]
  0x000000000285e000 JavaThread "main" [_thread_blocked, id=17916, stack(0x0000000002860000,0x0000000002960000)]

Other Threads:
  0x0000000016818000 VMThread [stack: 0x00000000184e0000,0x00000000185e0000] [id=3344]
  0x00000000186fd000 WatcherThread [stack: 0x00000000192e0000,0x00000000193e0000] [id=18812]

VM state:not at safepoint (normal execution)

VM Mutex/Monitor currently owned by a thread: None

heap address: 0x00000000a0000000, size: 1536 MB, Compressed Oops mode: 32-bit
Narrow klass base: 0x0000000000000000, Narrow klass shift: 3
Compressed class space size: 1073741824 Address: 0x0000000100000000

Heap:
 PSYoungGen      total 351232K, used 142817K [0x00000000e0000000, 0x00000000fea00000, 0x0000000100000000)
  eden space 196608K, 66% used [0x00000000e0000000,0x00000000e7f6bed8,0x00000000ec000000)
  from space 154624K, 7% used [0x00000000f5180000,0x00000000f5d8c570,0x00000000fe880000)
  to   space 148992K, 0% used [0x00000000ec000000,0x00000000ec000000,0x00000000f5180000)
 ParOldGen       total 599040K, used 164915K [0x00000000a0000000, 0x00000000c4900000, 0x00000000e0000000)
  object space 599040K, 27% used [0x00000000a0000000,0x00000000aa10cda0,0x00000000c4900000)
 Metaspace       used 100785K, capacity 111982K, committed 112384K, reserved 1144832K
  class space    used 13007K, capacity 16217K, committed 16384K, reserved 1048576K

Card table byte_map: [0x0000000011e20000,0x0000000012130000] byte_map_base: 0x0000000011920000

Marking Bits: (ParMarkBitMap*) 0x000000005537f030
 Begin Bits: [0x0000000012b30000, 0x0000000014330000)
 End Bits:   [0x0000000014330000, 0x0000000015b30000)

Polling page: 0x0000000000860000

CodeCache: size=245760Kb used=78659Kb max_used=78659Kb free=167100Kb
 bounds [0x0000000002a60000, 0x00000000077d0000, 0x0000000011a60000]
 total_blobs=23464 nmethods=22579 adapters=793
 compilation: enabled

Compilation events (10 events):
Event: 790.221 Thread 0x0000000018684000 28650       2       com.android.builder.merge.LazyIncrementalFileMergerInput::lambda$new$1 (54 bytes)
Event: 790.222 Thread 0x0000000018684000 nmethod 28650 0x0000000004c40590 code [0x0000000004c40780, 0x0000000004c40f08]
Event: 790.223 Thread 0x0000000018684000 28651       2       java.util.Locale::hasExtensions (13 bytes)
Event: 790.224 Thread 0x0000000018684000 nmethod 28651 0x0000000006479a50 code [0x0000000006479ba0, 0x0000000006479d10]
Event: 790.227 Thread 0x0000000018684000 28652       2       com.android.tools.build.apkzlib.bytestorage.ChunkBasedByteStorage$1::doWrite (139 bytes)
Event: 790.228 Thread 0x0000000018684000 nmethod 28652 0x0000000003358a50 code [0x0000000003358be0, 0x0000000003358f58]
Event: 790.228 Thread 0x0000000018684000 28653       2       com.android.tools.build.apkzlib.bytestorage.OverflowToDiskByteStorage$1::doWrite (11 bytes)
Event: 790.228 Thread 0x0000000018684000 nmethod 28653 0x0000000004c48250 code [0x0000000004c483c0, 0x0000000004c48548]
Event: 790.256 Thread 0x0000000018684000 28656       2       java.io.WinNTFileSystem::delete (20 bytes)
Event: 790.257 Thread 0x0000000018684000 nmethod 28656 0x0000000004442e50 code [0x0000000004442fe0, 0x00000000044434e8]

GC Heap History (10 events):
Event: 787.451 GC heap before
{Heap before GC invocations=52 (full 5):
 PSYoungGen      total 349696K, used 237024K [0x00000000e0000000, 0x0000000100000000, 0x0000000100000000)
  eden space 175104K, 100% used [0x00000000e0000000,0x00000000eab00000,0x00000000eab00000)
  from space 174592K, 35% used [0x00000000f5580000,0x00000000f91f8020,0x0000000100000000)
  to   space 174592K, 0% used [0x00000000eab00000,0x00000000eab00000,0x00000000f5580000)
 ParOldGen       total 559104K, used 370180K [0x00000000a0000000, 0x00000000c2200000, 0x00000000e0000000)
  object space 559104K, 66% used [0x00000000a0000000,0x00000000b6981160,0x00000000c2200000)
 Metaspace       used 100576K, capacity 111872K, committed 112384K, reserved 1144832K
  class space    used 13000K, capacity 16210K, committed 16384K, reserved 1048576K
Event: 787.495 GC heap after
Heap after GC invocations=52 (full 5):
 PSYoungGen      total 193536K, used 18126K [0x00000000e0000000, 0x00000000ff600000, 0x0000000100000000)
  eden space 175104K, 0% used [0x00000000e0000000,0x00000000e0000000,0x00000000eab00000)
  from space 18432K, 98% used [0x00000000eab00000,0x00000000ebcb3bd0,0x00000000ebd00000)
  to   space 169472K, 0% used [0x00000000f5080000,0x00000000f5080000,0x00000000ff600000)
 ParOldGen       total 559104K, used 432020K [0x00000000a0000000, 0x00000000c2200000, 0x00000000e0000000)
  object space 559104K, 77% used [0x00000000a0000000,0x00000000ba5e51b8,0x00000000c2200000)
 Metaspace       used 100576K, capacity 111872K, committed 112384K, reserved 1144832K
  class space    used 13000K, capacity 16210K, committed 16384K, reserved 1048576K
}
Event: 787.954 GC heap before
{Heap before GC invocations=53 (full 5):
 PSYoungGen      total 193536K, used 193230K [0x00000000e0000000, 0x00000000ff600000, 0x0000000100000000)
  eden space 175104K, 100% used [0x00000000e0000000,0x00000000eab00000,0x00000000eab00000)
  from space 18432K, 98% used [0x00000000eab00000,0x00000000ebcb3bd0,0x00000000ebd00000)
  to   space 169472K, 0% used [0x00000000f5080000,0x00000000f5080000,0x00000000ff600000)
 ParOldGen       total 559104K, used 432020K [0x00000000a0000000, 0x00000000c2200000, 0x00000000e0000000)
  object space 559104K, 77% used [0x00000000a0000000,0x00000000ba5e51b8,0x00000000c2200000)
 Metaspace       used 100631K, capacity 111872K, committed 112384K, reserved 1144832K
  class space    used 13000K, capacity 16210K, committed 16384K, reserved 1048576K
Event: 787.998 GC heap after
Heap after GC invocations=53 (full 5):
 PSYoungGen      total 350208K, used 62016K [0x00000000e0000000, 0x0000000100000000, 0x0000000100000000)
  eden space 180736K, 0% used [0x00000000e0000000,0x00000000e0000000,0x00000000eb080000)
  from space 169472K, 36% used [0x00000000f5080000,0x00000000f8d10020,0x00000000ff600000)
  to   space 163840K, 0% used [0x00000000eb080000,0x00000000eb080000,0x00000000f5080000)
 ParOldGen       total 559104K, used 445082K [0x00000000a0000000, 0x00000000c2200000, 0x00000000e0000000)
  object space 559104K, 79% used [0x00000000a0000000,0x00000000bb2a69b8,0x00000000c2200000)
 Metaspace       used 100631K, capacity 111872K, committed 112384K, reserved 1144832K
  class space    used 13000K, capacity 16210K, committed 16384K, reserved 1048576K
}
Event: 788.745 GC heap before
{Heap before GC invocations=54 (full 5):
 PSYoungGen      total 350208K, used 242752K [0x00000000e0000000, 0x0000000100000000, 0x0000000100000000)
  eden space 180736K, 100% used [0x00000000e0000000,0x00000000eb080000,0x00000000eb080000)
  from space 169472K, 36% used [0x00000000f5080000,0x00000000f8d10020,0x00000000ff600000)
  to   space 163840K, 0% used [0x00000000eb080000,0x00000000eb080000,0x00000000f5080000)
 ParOldGen       total 559104K, used 445082K [0x00000000a0000000, 0x00000000c2200000, 0x00000000e0000000)
  object space 559104K, 79% used [0x00000000a0000000,0x00000000bb2a69b8,0x00000000c2200000)
 Metaspace       used 100705K, capacity 111912K, committed 112384K, reserved 1144832K
  class space    used 13004K, capacity 16216K, committed 16384K, reserved 1048576K
Event: 788.809 GC heap after
Heap after GC invocations=54 (full 5):
 PSYoungGen      total 344576K, used 28283K [0x00000000e0000000, 0x00000000fe880000, 0x0000000100000000)
  eden space 180736K, 0% used [0x00000000e0000000,0x00000000e0000000,0x00000000eb080000)
  from space 163840K, 17% used [0x00000000eb080000,0x00000000ecc1eef0,0x00000000f5080000)
  to   space 154624K, 0% used [0x00000000f5180000,0x00000000f5180000,0x00000000fe880000)
 ParOldGen       total 559104K, used 507212K [0x00000000a0000000, 0x00000000c2200000, 0x00000000e0000000)
  object space 559104K, 90% used [0x00000000a0000000,0x00000000bef53290,0x00000000c2200000)
 Metaspace       used 100705K, capacity 111912K, committed 112384K, reserved 1144832K
  class space    used 13004K, capacity 16216K, committed 16384K, reserved 1048576K
}
Event: 788.809 GC heap before
{Heap before GC invocations=55 (full 6):
 PSYoungGen      total 344576K, used 28283K [0x00000000e0000000, 0x00000000fe880000, 0x0000000100000000)
  eden space 180736K, 0% used [0x00000000e0000000,0x00000000e0000000,0x00000000eb080000)
  from space 163840K, 17% used [0x00000000eb080000,0x00000000ecc1eef0,0x00000000f5080000)
  to   space 154624K, 0% used [0x00000000f5180000,0x00000000f5180000,0x00000000fe880000)
 ParOldGen       total 559104K, used 507212K [0x00000000a0000000, 0x00000000c2200000, 0x00000000e0000000)
  object space 559104K, 90% used [0x00000000a0000000,0x00000000bef53290,0x00000000c2200000)
 Metaspace       used 100705K, capacity 111912K, committed 112384K, reserved 1144832K
  class space    used 13004K, capacity 16216K, committed 16384K, reserved 1048576K
Event: 789.239 GC heap after
Heap after GC invocations=55 (full 6):
 PSYoungGen      total 344576K, used 0K [0x00000000e0000000, 0x00000000fe880000, 0x0000000100000000)
  eden space 180736K, 0% used [0x00000000e0000000,0x00000000e0000000,0x00000000eb080000)
  from space 163840K, 0% used [0x00000000eb080000,0x00000000eb080000,0x00000000f5080000)
  to   space 154624K, 0% used [0x00000000f5180000,0x00000000f5180000,0x00000000fe880000)
 ParOldGen       total 599040K, used 164907K [0x00000000a0000000, 0x00000000c4900000, 0x00000000e0000000)
  object space 599040K, 27% used [0x00000000a0000000,0x00000000aa10ada0,0x00000000c4900000)
 Metaspace       used 100697K, capacity 111900K, committed 112384K, reserved 1144832K
  class space    used 13003K, capacity 16214K, committed 16384K, reserved 1048576K
}
Event: 789.987 GC heap before
{Heap before GC invocations=56 (full 6):
 PSYoungGen      total 344576K, used 180736K [0x00000000e0000000, 0x00000000fe880000, 0x0000000100000000)
  eden space 180736K, 100% used [0x00000000e0000000,0x00000000eb080000,0x00000000eb080000)
  from space 163840K, 0% used [0x00000000eb080000,0x00000000eb080000,0x00000000f5080000)
  to   space 154624K, 0% used [0x00000000f5180000,0x00000000f5180000,0x00000000fe880000)
 ParOldGen       total 599040K, used 164907K [0x00000000a0000000, 0x00000000c4900000, 0x00000000e0000000)
  object space 599040K, 27% used [0x00000000a0000000,0x00000000aa10ada0,0x00000000c4900000)
 Metaspace       used 100768K, capacity 111982K, committed 112384K, reserved 1144832K
  class space    used 13006K, capacity 16217K, committed 16384K, reserved 1048576K
Event: 790.000 GC heap after
Heap after GC invocations=56 (full 6):
 PSYoungGen      total 351232K, used 12337K [0x00000000e0000000, 0x00000000fea00000, 0x0000000100000000)
  eden space 196608K, 0% used [0x00000000e0000000,0x00000000e0000000,0x00000000ec000000)
  from space 154624K, 7% used [0x00000000f5180000,0x00000000f5d8c570,0x00000000fe880000)
  to   space 148992K, 0% used [0x00000000ec000000,0x00000000ec000000,0x00000000f5180000)
 ParOldGen       total 599040K, used 164915K [0x00000000a0000000, 0x00000000c4900000, 0x00000000e0000000)
  object space 599040K, 27% used [0x00000000a0000000,0x00000000aa10cda0,0x00000000c4900000)
 Metaspace       used 100768K, capacity 111982K, committed 112384K, reserved 1144832K
  class space    used 13006K, capacity 16217K, committed 16384K, reserved 1048576K
}

Deoptimization events (10 events):
Event: 789.908 Thread 0x000000001e41b000 Uncommon trap: reason=unstable_if action=reinterpret pc=0x00000000072c00b4 method=com.android.tools.r8.u.c.M.a(ILcom/android/tools/r8/u/b/j1;Lcom/android/tools/r8/u/b/l;Lcom/android/tools/r8/u/b/l$c;Lcom/android/tools/r8/u/b/M0$a;)Lcom/android/tools/r8/u/
Event: 789.908 Thread 0x000000001e41b000 Uncommon trap: reason=unstable_if action=reinterpret pc=0x0000000004372ca8 method=com.android.tools.r8.u.c.M.b(ILcom/android/tools/r8/graph/r;)V @ 41
Event: 789.909 Thread 0x000000001e41b000 Uncommon trap: reason=unstable_if action=reinterpret pc=0x00000000071f5158 method=com.android.tools.r8.u.c.M.a(Lcom/android/tools/r8/graph/S;)Lcom/android/tools/r8/u/b/T; @ 1784
Event: 789.911 Thread 0x000000001e41b000 Uncommon trap: reason=unstable_if action=reinterpret pc=0x0000000006a19884 method=com.android.tools.r8.u.a.h.e.b(Lcom/android/tools/r8/u/b/d0;)V @ 11
Event: 789.925 Thread 0x000000001e41b000 Uncommon trap: reason=bimorphic action=maybe_recompile pc=0x0000000006af4064 method=com.android.tools.r8.ir.optimize.h.a(Lcom/android/tools/r8/u/b/T;Lcom/android/tools/r8/u/b/l;Lcom/android/tools/r8/s/a/a/a/b0;Ljava/util/Map;Ljava/util/function/Predicate;
Event: 789.927 Thread 0x000000001e41b000 Uncommon trap: reason=bimorphic action=maybe_recompile pc=0x0000000006af4064 method=com.android.tools.r8.ir.optimize.h.a(Lcom/android/tools/r8/u/b/T;Lcom/android/tools/r8/u/b/l;Lcom/android/tools/r8/s/a/a/a/b0;Ljava/util/Map;Ljava/util/function/Predicate;
Event: 789.929 Thread 0x000000001e41b000 Uncommon trap: reason=bimorphic action=maybe_recompile pc=0x0000000006af4064 method=com.android.tools.r8.ir.optimize.h.a(Lcom/android/tools/r8/u/b/T;Lcom/android/tools/r8/u/b/l;Lcom/android/tools/r8/s/a/a/a/b0;Ljava/util/Map;Ljava/util/function/Predicate;
Event: 789.932 Thread 0x000000001e41b000 Uncommon trap: reason=unstable_if action=reinterpret pc=0x00000000071a9900 method=com.android.tools.r8.u.c.M.a(Lcom/android/tools/r8/graph/S;)Lcom/android/tools/r8/u/b/T; @ 1784
Event: 789.932 Thread 0x000000001e41b000 Uncommon trap: reason=bimorphic action=maybe_recompile pc=0x0000000006af4064 method=com.android.tools.r8.ir.optimize.h.a(Lcom/android/tools/r8/u/b/T;Lcom/android/tools/r8/u/b/l;Lcom/android/tools/r8/s/a/a/a/b0;Ljava/util/Map;Ljava/util/function/Predicate;
Event: 789.956 Thread 0x000000001e41b000 Uncommon trap: reason=unstable_if action=reinterpret pc=0x000000000660a13c method=com.android.tools.r8.u.c.M.a(Lcom/android/tools/r8/graph/S;)Lcom/android/tools/r8/u/b/T; @ 1784

Classes redefined (0 events):
No events

Internal exceptions (10 events):
Event: 767.927 Thread 0x000000001b455800 Exception <a 'sun/nio/fs/WindowsException'> (0x00000000e409c5b0) thrown at [C:\src\AOSP-openjdk-git\hotspot\src\share\vm\prims\jni.cpp, line 710]
Event: 767.927 Thread 0x000000001b455800 Exception <a 'sun/nio/fs/WindowsException'> (0x00000000e409df20) thrown at [C:\src\AOSP-openjdk-git\hotspot\src\share\vm\prims\jni.cpp, line 710]
Event: 767.928 Thread 0x000000001b455800 Exception <a 'sun/nio/fs/WindowsException'> (0x00000000e409f890) thrown at [C:\src\AOSP-openjdk-git\hotspot\src\share\vm\prims\jni.cpp, line 710]
Event: 767.928 Thread 0x000000001b455800 Exception <a 'sun/nio/fs/WindowsException'> (0x00000000e40a1200) thrown at [C:\src\AOSP-openjdk-git\hotspot\src\share\vm\prims\jni.cpp, line 710]
Event: 788.303 Thread 0x000000001e41f000 Exception <a 'sun/nio/fs/WindowsException'> (0x00000000e518cc10) thrown at [C:\src\AOSP-openjdk-git\hotspot\src\share\vm\prims\jni.cpp, line 710]
Event: 788.315 Thread 0x000000001e41a000 Exception <a 'sun/nio/fs/WindowsException'> (0x00000000e54a1d50) thrown at [C:\src\AOSP-openjdk-git\hotspot\src\share\vm\prims\jni.cpp, line 710]
Event: 789.642 Thread 0x000000001e415000 Exception <a 'sun/nio/fs/WindowsException'> (0x00000000e38ff280) thrown at [C:\src\AOSP-openjdk-git\hotspot\src\share\vm\prims\jni.cpp, line 710]
Event: 789.688 Thread 0x000000001e5a4000 Exception <a 'sun/nio/fs/WindowsException'> (0x00000000e3f70590) thrown at [C:\src\AOSP-openjdk-git\hotspot\src\share\vm\prims\jni.cpp, line 710]
Event: 789.758 Thread 0x000000001e41b000 Exception <a 'sun/nio/fs/WindowsException'> (0x00000000e54c1f30) thrown at [C:\src\AOSP-openjdk-git\hotspot\src\share\vm\prims\jni.cpp, line 710]
Event: 789.908 Thread 0x000000001e41b000 Implicit null exception at 0x0000000004372090 to 0x0000000004372c65

Events (10 events):
Event: 790.230 Thread 0x000000001e41b000 DEOPT PACKING pc=0x00000000071519ab sp=0x0000000026aca390
Event: 790.230 Thread 0x000000001e41b000 DEOPT UNPACKING pc=0x0000000002aa75d0 sp=0x0000000026aca3f8 mode 0
Event: 790.233 Thread 0x000000001e41b000 DEOPT PACKING pc=0x000000000779f22a sp=0x0000000026aca570
Event: 790.233 Thread 0x000000001e41b000 DEOPT UNPACKING pc=0x0000000002aa75d0 sp=0x0000000026aca680 mode 0
Event: 790.242 Thread 0x000000001e41b000 DEOPT PACKING pc=0x0000000006598a7c sp=0x0000000026aca3a0
Event: 790.242 Thread 0x000000001e41b000 DEOPT UNPACKING pc=0x0000000002aa75d0 sp=0x0000000026aca3d8 mode 0
Event: 790.249 Thread 0x000000001e41b000 DEOPT PACKING pc=0x0000000007151945 sp=0x0000000026ac9fa0
Event: 790.249 Thread 0x000000001e41b000 DEOPT UNPACKING pc=0x0000000002aa75d0 sp=0x0000000026aca008 mode 0
Event: 790.253 Thread 0x000000001e41b000 DEOPT PACKING pc=0x000000000779f22a sp=0x0000000026aca570
Event: 790.253 Thread 0x000000001e41b000 DEOPT UNPACKING pc=0x0000000002aa75d0 sp=0x0000000026aca680 mode 0


Dynamic libraries:
0x00007ff708f90000 - 0x00007ff708fc1000 	C:\Program Files\Android\Android Studio\jre\bin\java.exe
0x00007fff20240000 - 0x00007fff20430000 	C:\Windows\SYSTEM32\ntdll.dll
0x00007fff1e650000 - 0x00007fff1e702000 	C:\Windows\System32\KERNEL32.DLL
0x00007fff1d360000 - 0x00007fff1d605000 	C:\Windows\System32\KERNELBASE.dll
0x00007fff20010000 - 0x00007fff200b3000 	C:\Windows\System32\ADVAPI32.dll
0x00007fff1f850000 - 0x00007fff1f8ee000 	C:\Windows\System32\msvcrt.dll
0x00007fff1f9c0000 - 0x00007fff1fa57000 	C:\Windows\System32\sechost.dll
0x00007fff1ea30000 - 0x00007fff1eb4f000 	C:\Windows\System32\RPCRT4.dll
0x00007fff1eb50000 - 0x00007fff1ece4000 	C:\Windows\System32\USER32.dll
0x00007fff1da90000 - 0x00007fff1dab1000 	C:\Windows\System32\win32u.dll
0x00007fff1e370000 - 0x00007fff1e396000 	C:\Windows\System32\GDI32.dll
0x00007fff1d690000 - 0x00007fff1d828000 	C:\Windows\System32\gdi32full.dll
0x00007fff1d1b0000 - 0x00007fff1d24e000 	C:\Windows\System32\msvcp_win.dll
0x00007fff1d830000 - 0x00007fff1d92a000 	C:\Windows\System32\ucrtbase.dll
0x00007fff0a130000 - 0x00007fff0a3b4000 	C:\Windows\WinSxS\amd64_microsoft.windows.common-controls_6595b64144ccf1df_6.0.18362.1556_none_9e7e372fe45e41d5\COMCTL32.dll
0x00007fff1fc60000 - 0x00007fff1ff96000 	C:\Windows\System32\combase.dll
0x00007fff1d250000 - 0x00007fff1d2d1000 	C:\Windows\System32\bcryptPrimitives.dll
0x00007fff1e8c0000 - 0x00007fff1e8ee000 	C:\Windows\System32\IMM32.DLL
0x0000000053e30000 - 0x0000000053f02000 	C:\Program Files\Android\Android Studio\jre\jre\bin\msvcr100.dll
0x0000000054bb0000 - 0x00000000553fb000 	C:\Program Files\Android\Android Studio\jre\jre\bin\server\jvm.dll
0x00007fff1fbf0000 - 0x00007fff1fbf8000 	C:\Windows\System32\PSAPI.DLL
0x00007fff01de0000 - 0x00007fff01de9000 	C:\Windows\SYSTEM32\WSOCK32.dll
0x00007fff1ab90000 - 0x00007fff1abb4000 	C:\Windows\SYSTEM32\WINMM.dll
0x00007fff167e0000 - 0x00007fff167ea000 	C:\Windows\SYSTEM32\VERSION.dll
0x00007fff1ffa0000 - 0x00007fff2000f000 	C:\Windows\System32\WS2_32.dll
0x00007fff1ab60000 - 0x00007fff1ab8d000 	C:\Windows\SYSTEM32\winmmbase.dll
0x00007fff1d2e0000 - 0x00007fff1d32a000 	C:\Windows\System32\cfgmgr32.dll
0x00007fff09570000 - 0x00007fff0957f000 	C:\Program Files\Android\Android Studio\jre\jre\bin\verify.dll
0x00007fff05bd0000 - 0x00007fff05bf9000 	C:\Program Files\Android\Android Studio\jre\jre\bin\java.dll
0x00007fff05bb0000 - 0x00007fff05bc6000 	C:\Program Files\Android\Android Studio\jre\jre\bin\zip.dll
0x00007fff1ecf0000 - 0x00007fff1f3d7000 	C:\Windows\System32\SHELL32.dll
0x00007fff1fae0000 - 0x00007fff1fb88000 	C:\Windows\System32\shcore.dll
0x00007fff1db70000 - 0x00007fff1e2eb000 	C:\Windows\System32\windows.storage.dll
0x00007fff1d120000 - 0x00007fff1d13e000 	C:\Windows\System32\profapi.dll
0x00007fff1d160000 - 0x00007fff1d1aa000 	C:\Windows\System32\powrprof.dll
0x00007fff1d0f0000 - 0x00007fff1d100000 	C:\Windows\System32\UMPDC.dll
0x00007fff1e3a0000 - 0x00007fff1e3f2000 	C:\Windows\System32\shlwapi.dll
0x00007fff1d140000 - 0x00007fff1d151000 	C:\Windows\System32\kernel.appcore.dll
0x00007fff1d610000 - 0x00007fff1d627000 	C:\Windows\System32\cryptsp.dll
0x00007ffef07e0000 - 0x00007ffef07fa000 	C:\Program Files\Android\Android Studio\jre\jre\bin\net.dll
0x00007fff1c930000 - 0x00007fff1c997000 	C:\Windows\system32\mswsock.dll
0x00007ffef07c0000 - 0x00007ffef07d3000 	C:\Program Files\Android\Android Studio\jre\jre\bin\nio.dll
0x00007fff09160000 - 0x00007fff09186000 	C:\Users\chenciling\.gradle\native\30\windows-amd64\native-platform.dll
0x00007ffef07b0000 - 0x00007ffef07bd000 	C:\Program Files\Android\Android Studio\jre\jre\bin\management.dll
0x00007fff1c4b0000 - 0x00007fff1c4e3000 	C:\Windows\system32\rsaenh.dll
0x00007fff1d330000 - 0x00007fff1d356000 	C:\Windows\System32\bcrypt.dll
0x00007fff1d010000 - 0x00007fff1d035000 	C:\Windows\SYSTEM32\USERENV.dll
0x00007fff1cb00000 - 0x00007fff1cb0c000 	C:\Windows\SYSTEM32\CRYPTBASE.dll
0x00007fff1c640000 - 0x00007fff1c67a000 	C:\Windows\SYSTEM32\IPHLPAPI.DLL
0x00007fff1e640000 - 0x00007fff1e648000 	C:\Windows\System32\NSI.dll
0x00007fff152b0000 - 0x00007fff152c6000 	C:\Windows\SYSTEM32\dhcpcsvc6.DLL
0x00007fff15290000 - 0x00007fff152ac000 	C:\Windows\SYSTEM32\dhcpcsvc.DLL
0x00007fff1c680000 - 0x00007fff1c74b000 	C:\Windows\SYSTEM32\DNSAPI.dll

VM Arguments:
jvm_args: -Xmx1536m -Dfile.encoding=GBK -Duser.country=CN -Duser.language=zh -Duser.variant 
java_command: org.gradle.launcher.daemon.bootstrap.GradleDaemon 5.6.4
java_class_path (initial): C:\Users\chenciling\.gradle\wrapper\dists\gradle-5.6.4-all\ankdp27end7byghfw1q2sw75f\gradle-5.6.4\lib\gradle-launcher-5.6.4.jar
Launcher Type: SUN_STANDARD

Environment Variables:
JAVA_HOME=C:\Program Files\Java\jdk1.8.0_91
PATH=C:\ProgramData\Oracle\Java\javapath;C:\Windows\system32;C:\Windows;C:\Windows\System32\Wbem;C:\Windows\System32\WindowsPowerShell\v1.0\;C:\Windows\System32\OpenSSH\;C:\Program Files (x86)\NVIDIA Corporation\PhysX\Common;C:\Program Files\NVIDIA Corporation\NVIDIA NvDLISR;C:\Program Files\Java\jdk1.8.0_91bin;C:\Program Files\Java\jdk1.8.0_91\bin;C:\Program Files\Java\jdk1.8.0_91\jre\bin;C:\Program Files\Git\cmd;C:\Users\chenciling\AppData\Local\Microsoft\WindowsApps;;D:\App\fiddler
USERNAME=chenciling
OS=Windows_NT
PROCESSOR_IDENTIFIER=Intel64 Family 6 Model 142 Stepping 12, GenuineIntel



---------------  S Y S T E M  ---------------

OS: Windows 10.0 , 64 bit Build 18362 (10.0.18362.1500)

CPU:total 8 (initial active 8) (4 cores per cpu, 2 threads per core) family 6 model 142 stepping 12, cmov, cx8, fxsr, mmx, sse, sse2, sse3, ssse3, sse4.1, sse4.2, popcnt, avx, avx2, aes, clmul, erms, 3dnowpref, lzcnt, ht, tsc, tscinvbit, bmi1, bmi2, adx

Memory: 4k page, physical 16605940k(1702288k free), swap 32334576k(3104k free)

vm_info: OpenJDK 64-Bit Server VM (25.242-b01) for windows-amd64 JRE (1.8.0_242-release-1644-b01), built by "builder" with MS VC++ 10.0 (VS2010)

time: Mon May 16 18:48:59 2022
timezone: 中国标准时间
elapsed time: 790 seconds (0d 0h 13m 10s)

