JvmtiExport can_access_local_variables 0
JvmtiExport can_hotswap_or_post_breakpoint 0
JvmtiExport can_post_on_exceptions 0
# 699 ciObject found
ciMethod java/lang/Object <init> ()V 4097 1 5296525 0 0
ciMethod java/lang/Object getClass ()Ljava/lang/Class; 2049 1 256 0 -1
ciMethod java/lang/Object hashCode ()I 2049 1 256 0 -1
ciMethod java/lang/Object equals (Ljava/lang/Object;)Z 2049 1 156607 0 64
ciMethod java/lang/Object clone ()Ljava/lang/Object; 3073 1 384 0 -1
ciMethod java/lang/String length ()I 4097 1 728858 0 64
ciMethod java/lang/String equals (Ljava/lang/Object;)Z 2105 10921 3244 0 -1
ciMethod java/lang/String startsWith (Ljava/lang/String;I)Z 2137 7337 4487 0 416
ciMethod java/lang/String startsWith (Ljava/lang/String;)Z 2129 1 370898 0 352
ciMethod java/lang/String hashCode ()I 2673 32769 993 0 288
ciMethod java/lang/Class isInstance (Ljava/lang/Object;)Z 3073 1 384 0 -1
ciMethod java/lang/Class isAssignableFrom (Ljava/lang/Class;)Z 3081 1 385 0 -1
ciMethod java/lang/Class getSuperclass ()Ljava/lang/Class; 2049 1 256 0 -1
ciMethod java/lang/Class getModifiers ()I 2057 1 257 0 -1
ciMethod java/lang/Class getDeclaredFields ()[Ljava/lang/reflect/Field; 2049 1 1084 0 -1
ciMethod java/lang/Class cast (Ljava/lang/Object;)Ljava/lang/Object; 2337 1 111463 0 192
ciMethod java/util/Map get (Ljava/lang/Object;)Ljava/lang/Object; 0 0 1 0 -1
ciMethod java/util/Map put (Ljava/lang/Object;Ljava/lang/Object;)Ljava/lang/Object; 0 0 1 0 -1
ciMethod java/util/Map values ()Ljava/util/Collection; 0 0 1 0 -1
ciMethod java/lang/reflect/Field getModifiers ()I 1129 1 141 0 -1
ciMethod java/lang/reflect/Method getGenericSignature ()Ljava/lang/String; 1025 1 128 0 0
ciMethod java/lang/reflect/Method getFactory ()Lsun/reflect/generics/factory/GenericsFactory; 297 1 1731 0 0
ciMethod java/lang/reflect/Method getGenericInfo ()Lsun/reflect/generics/repository/MethodRepository; 593 1 9103 0 1056
ciMethod java/lang/reflect/Method getDeclaringClass ()Ljava/lang/Class; 1105 1 138 0 0
ciMethod java/lang/reflect/Method getName ()Ljava/lang/String; 1025 1 128 0 0
ciMethod java/lang/reflect/Method getModifiers ()I 1081 1 135 0 0
ciMethod java/lang/reflect/Method getReturnType ()Ljava/lang/Class; 1057 1 132 0 0
ciMethod java/lang/reflect/Method getGenericReturnType ()Ljava/lang/reflect/Type; 3153 1 20538 0 0
ciMethod java/lang/reflect/Method getParameterTypes ()[Ljava/lang/Class; 3145 1 78854 0 256
ciMethod java/lang/reflect/Method getParameterCount ()I 1865 1 7103 0 0
ciMethod java/lang/reflect/Method isBridge ()Z 3401 1 17295 0 0
ciMethod java/lang/reflect/Method getAnnotation (Ljava/lang/Class;)Ljava/lang/annotation/Annotation; 3785 1 26946 0 896
ciMethod java/lang/reflect/Executable getAnnotationBytes ()[B 0 0 1 0 -1
ciMethod java/lang/reflect/Executable getRoot ()Ljava/lang/reflect/Executable; 0 0 1 0 -1
ciMethod java/lang/reflect/Executable getDeclaringClass ()Ljava/lang/Class; 0 0 1 0 -1
ciMethod java/lang/reflect/Executable getAnnotation (Ljava/lang/Class;)Ljava/lang/annotation/Annotation; 3817 1 26992 0 0
ciMethod java/lang/reflect/Executable declaredAnnotations ()Ljava/util/Map; 3561 1 6569 0 2656
ciMethod java/lang/StringBuilder <init> (Ljava/lang/String;)V 3073 1 18520 0 -1
ciMethod java/lang/StringBuilder append (Ljava/lang/String;)Ljava/lang/StringBuilder; 1601 1 477811 0 -1
ciMethod java/lang/StringBuilder toString ()Ljava/lang/String; 849 1 229617 0 -1
ciMethod java/util/Collection iterator ()Ljava/util/Iterator; 0 0 1 0 -1
ciMethod java/util/Collection add (Ljava/lang/Object;)Z 0 0 1 0 -1
ciMethod java/util/List size ()I 0 0 1 0 -1
ciMethod java/util/List isEmpty ()Z 0 0 1 0 -1
ciMethod java/util/List iterator ()Ljava/util/Iterator; 0 0 1 0 -1
ciMethod java/util/List add (Ljava/lang/Object;)Z 0 0 1 0 -1
ciMethod java/util/AbstractList <init> ()V 2945 1 358546 0 32
ciMethod java/util/AbstractCollection <init> ()V 441 1 769685 0 32
ciMethod java/util/AbstractCollection size ()I 0 0 1 0 -1
ciMethod java/util/AbstractCollection isEmpty ()Z 2049 1 19554 0 64
ciMethod java/util/ArrayList <init> ()V 1073 1 212734 0 64
ciMethod java/util/ArrayList calculateCapacity ([Ljava/lang/Object;I)I 457 1 97707 0 0
ciMethod java/util/ArrayList ensureCapacityInternal (I)V 457 1 97697 0 576
ciMethod java/util/ArrayList ensureExplicitCapacity (I)V 457 1 97738 0 0
ciMethod java/util/ArrayList grow (I)V 97 1 5154 0 544
ciMethod java/util/ArrayList hugeCapacity (I)I 0 0 1 0 -1
ciMethod java/util/ArrayList size ()I 1081 1 135 0 0
ciMethod java/util/ArrayList add (Ljava/lang/Object;)Z 457 1 86685 0 768
ciMethod java/util/ArrayList iterator ()Ljava/util/Iterator; 2073 1 20499 0 160
ciMethod java/util/ArrayList access$000 (Ljava/util/ArrayList;)I 1057 1 132 0 0
ciMethod java/util/Collections unmodifiableCollection (Ljava/util/Collection;)Ljava/util/Collection; 3361 1 19608 0 192
ciMethod java/util/Collections addAll (Ljava/util/Collection;[Ljava/lang/Object;)Z 2105 1945 7518 0 192
ciMethod java/util/Set iterator ()Ljava/util/Iterator; 0 0 1 0 -1
ciMethod java/util/Collections$EmptyMap get (Ljava/lang/Object;)Ljava/lang/Object; 1769 1 221 0 0
ciMethod java/util/AbstractMap <init> ()V 537 1 163663 0 32
ciMethod java/util/Collections$UnmodifiableCollection <init> (Ljava/util/Collection;)V 1425 1 31906 0 0
ciMethod java/util/Collections$UnmodifiableCollection iterator ()Ljava/util/Iterator; 2049 1 20813 0 224
ciMethod sun/misc/SharedSecrets getJavaLangAccess ()Lsun/misc/JavaLangAccess; 1625 1 21397 0 -1
ciMethod java/util/HashMap hash (Ljava/lang/Object;)I 2145 1 115033 0 160
ciMethod java/util/HashMap <init> ()V 169 1 125176 0 32
ciMethod java/util/HashMap getNode (ILjava/lang/Object;)Ljava/util/HashMap$Node; 2089 1 12447 0 480
ciMethod java/lang/Math max (II)I 705 1 185734 0 -1
ciMethod sun/reflect/generics/repository/GenericDeclRepository <init> (Ljava/lang/String;Lsun/reflect/generics/factory/GenericsFactory;)V 385 1 2008 0 0
ciMethod sun/reflect/generics/repository/AbstractRepository getFactory ()Lsun/reflect/generics/factory/GenericsFactory; 1041 1 130 0 0
ciMethod sun/reflect/generics/repository/AbstractRepository getTree ()Lsun/reflect/generics/tree/Tree; 1033 1 129 0 0
ciMethod sun/reflect/generics/repository/AbstractRepository getReifier ()Lsun/reflect/generics/visitor/Reifier; 2057 1 2847 0 0
ciMethod sun/reflect/generics/repository/AbstractRepository <init> (Ljava/lang/String;Lsun/reflect/generics/factory/GenericsFactory;)V 385 1 2029 0 0
ciMethod sun/reflect/generics/repository/AbstractRepository parse (Ljava/lang/String;)Lsun/reflect/generics/tree/Tree; 0 0 1 0 -1
ciMethod java/lang/reflect/Modifier isPublic (I)Z 1225 1 41691 0 -1
ciMethod java/lang/reflect/Modifier isProtected (I)Z 1697 1 7262 0 -1
ciMethod java/lang/reflect/Modifier isStatic (I)Z 2065 1 51854 0 64
ciMethod java/lang/reflect/Modifier isFinal (I)Z 1705 1 9587 0 64
ciMethod java/lang/reflect/Modifier isAbstract (I)Z 2049 1 34199 0 -1
ciMethod java/util/Arrays copyOf ([Ljava/lang/Object;I)[Ljava/lang/Object; 2049 1 24163 0 384
ciMethod java/util/Arrays copyOf ([Ljava/lang/Object;ILjava/lang/Class;)[Ljava/lang/Object; 2057 1 5385 0 -1
ciMethod java/util/TreeMap <init> ()V 2049 1 11076 0 -1
ciMethod java/util/TreeMap getFirstEntry ()Ljava/util/TreeMap$Entry; 2089 785 11747 0 0
ciMethod java/util/TreeMap successor (Ljava/util/TreeMap$Entry;)Ljava/util/TreeMap$Entry; 4097 3049 6776 0 160
ciMethod java/util/TreeMap access$100 (Ljava/util/TreeMap;)I 1289 1 161 0 0
ciMethodData java/lang/String length ()I 2 728858 orig 264 88 29 22 85 0 0 0 0 96 60 16 22 0 0 0 0 32 1 0 0 0 0 0 0 0 0 0 0 0 0 0 0 0 0 0 0 0 0 0 0 0 0 0 0 0 0 0 0 0 0 0 0 0 0 0 0 0 0 0 0 0 0 0 0 0 0 0 0 0 0 0 0 0 0 0 0 0 0 0 0 77 68 79 32 101 120 116 114 97 32 100 97 116 97 32 108 111 99 107 0 0 0 0 0 0 0 0 0 0 0 0 0 0 0 0 0 0 0 0 0 0 0 0 0 0 0 0 0 0 0 0 0 0 0 0 0 0 0 0 0 0 0 0 0 0 0 0 0 0 0 0 0 0 0 0 0 0 0 0 0 0 0 0 0 0 0 0 0 0 0 0 0 0 0 0 0 0 0 0 0 0 0 0 0 1 0 0 0 0 0 0 0 0 0 0 0 0 0 0 0 1 0 0 0 0 0 0 0 0 0 0 0 0 0 0 0 0 2 0 0 209 232 88 0 1 0 0 0 0 0 0 0 0 0 0 0 2 0 0 0 0 0 0 0 0 0 0 0 0 0 0 0 255 255 255 255 0 0 0 0 0 0 0 0 data 0 oops 0
ciMethodData java/lang/Object <init> ()V 2 5296525 orig 264 88 29 22 85 0 0 0 0 128 4 16 22 0 0 0 0 32 1 0 0 0 0 0 0 0 0 0 0 0 0 0 0 0 0 0 0 0 0 0 0 0 0 0 0 0 0 0 0 0 0 0 0 0 0 0 0 0 0 0 0 0 0 0 0 0 0 0 0 0 0 0 0 0 0 0 0 0 0 0 0 77 68 79 32 101 120 116 114 97 32 100 97 116 97 32 108 111 99 107 0 0 0 0 0 0 0 0 0 0 0 0 0 0 0 0 0 0 0 0 0 0 0 0 0 0 0 0 0 0 0 0 0 0 0 0 0 0 0 0 0 0 0 0 0 0 0 0 0 0 0 0 0 0 0 0 0 0 0 0 0 0 0 0 0 0 0 0 0 0 0 0 0 0 0 0 0 0 0 0 0 0 0 0 0 1 0 0 0 0 0 0 0 1 0 0 0 0 0 0 0 1 0 0 0 0 0 0 0 0 0 0 0 0 0 0 0 0 2 0 0 105 124 134 2 1 0 0 0 0 0 0 0 0 0 0 0 2 0 0 0 0 0 3 0 1 0 0 0 0 0 0 0 255 255 255 255 0 0 0 0 0 0 0 0 data 0 oops 0
ciMethod java/util/Objects requireNonNull (Ljava/lang/Object;)Ljava/lang/Object; 3081 1 263182 0 64
ciMethod java/util/Iterator hasNext ()Z 0 0 1 0 -1
ciMethod java/util/Iterator next ()Ljava/lang/Object; 0 0 1 0 -1
ciMethod java/util/LinkedHashMap afterNodeAccess (Ljava/util/HashMap$Node;)V 793 1 5224 0 288
ciMethod java/util/LinkedHashMap <init> ()V 2057 1 19162 0 64
ciMethod java/util/LinkedHashMap get (Ljava/lang/Object;)Ljava/lang/Object; 2145 1 11700 0 704
ciMethod java/util/LinkedHashMap values ()Ljava/util/Collection; 2209 1 5420 0 192
ciMethod sun/misc/JavaLangAccess getConstantPool (Ljava/lang/Class;)Lsun/reflect/ConstantPool; 0 0 1 0 -1
ciMethod java/lang/IllegalArgumentException <init> (Ljava/lang/String;)V 0 0 52 0 -1
ciMethod java/util/HashMap$TreeNode getTreeNode (ILjava/lang/Object;)Ljava/util/HashMap$TreeNode; 0 0 1 0 -1
ciMethodData java/lang/String hashCode ()I 2 21304 orig 264 88 29 22 85 0 0 0 0 0 80 16 22 0 0 0 0 152 1 0 0 32 0 0 0 0 0 0 0 0 0 0 0 0 0 0 0 0 0 0 0 0 0 0 0 0 0 0 0 0 0 0 0 0 0 0 0 0 0 0 0 0 0 0 0 0 0 0 0 0 0 0 0 0 0 0 0 0 0 0 0 77 68 79 32 101 120 116 114 97 32 100 97 116 97 32 108 111 99 107 0 0 0 0 0 0 0 0 0 0 0 0 0 0 0 0 0 0 0 0 0 0 0 0 0 0 0 0 0 0 0 0 0 0 0 0 0 0 0 0 0 0 0 0 0 0 0 0 0 0 0 0 0 0 0 0 0 0 0 0 0 0 0 0 0 0 0 0 0 0 0 0 0 0 0 0 0 0 0 0 0 0 0 0 0 1 0 0 0 0 0 0 0 0 0 0 0 0 0 0 0 1 0 0 0 0 0 0 0 0 0 0 0 0 0 0 0 0 16 0 0 153 20 0 0 193 25 2 0 0 0 0 0 0 0 0 0 2 0 0 0 1 0 11 0 2 0 0 0 120 0 0 0 255 255 255 255 7 0 6 0 0 0 0 0 data 15 0x60007 0xea 0x78 0x1a9 0xe0007 0x5 0x58 0x1a4 0x1e0007 0x1a4 0x38 0x432b 0x2d0003 0x432b 0xffffffffffffffe0 oops 0
ciMethod java/util/Queue add (Ljava/lang/Object;)Z 0 0 1 0 -1
ciMethod java/util/Queue remove ()Ljava/lang/Object; 0 0 1 0 -1
ciMethod java/util/Queue isEmpty ()Z 0 0 1 0 -1
ciMethod java/util/ArrayDeque doubleCapacity ()V 0 0 47 0 -1
ciMethod java/util/ArrayDeque <init> ()V 2049 1 9023 0 0
ciMethod java/util/ArrayDeque addLast (Ljava/lang/Object;)V 3073 1 5538 0 256
ciMethod java/util/ArrayDeque removeFirst ()Ljava/lang/Object; 3081 1 15780 0 128
ciMethod java/util/ArrayDeque pollFirst ()Ljava/lang/Object; 2049 1 5379 0 128
ciMethod java/util/ArrayDeque add (Ljava/lang/Object;)Z 3073 1 12189 0 256
ciMethod java/util/ArrayDeque remove ()Ljava/lang/Object; 257 1 6010 0 0
ciMethod java/util/ArrayDeque isEmpty ()Z 2097 1 18425 0 64
ciMethodData java/lang/String startsWith (Ljava/lang/String;I)Z 2 14875 orig 264 88 29 22 85 0 0 0 0 248 77 16 22 0 0 0 0 176 1 0 0 32 0 0 0 0 0 0 0 0 0 0 0 0 0 0 0 0 0 0 0 0 0 0 0 0 0 0 0 0 0 0 0 0 0 0 0 0 0 0 0 0 0 0 0 0 0 0 0 0 0 0 0 0 0 0 0 0 0 0 0 77 68 79 32 101 120 116 114 97 32 100 97 116 97 32 108 111 99 107 0 0 0 0 0 0 0 0 0 0 0 0 0 0 0 0 0 0 0 0 0 0 0 0 0 0 0 0 0 0 0 0 0 0 0 0 0 0 0 0 0 0 0 0 0 0 0 0 0 0 0 0 0 0 0 0 0 0 0 0 0 0 0 0 0 0 0 0 0 0 0 0 0 0 0 0 0 0 0 0 0 0 0 0 0 1 0 0 0 0 0 0 0 0 0 0 0 0 0 0 0 3 0 0 0 0 0 0 0 0 0 0 0 0 0 0 0 149 3 0 0 225 131 0 0 49 180 1 0 0 0 0 0 0 0 0 0 2 0 0 0 1 0 13 0 2 0 0 0 128 0 0 0 255 255 255 255 7 0 25 0 0 0 0 0 data 16 0x190007 0x2 0x40 0x107a 0x250007 0xf9c 0x20 0xde 0x2f0007 0x473 0x40 0x368b 0x410007 0x2b62 0xffffffffffffffe0 0xb29 oops 0
ciMethodData java/util/HashMap hash (Ljava/lang/Object;)I 2 115033 orig 264 88 29 22 85 0 0 0 0 240 165 30 22 0 0 0 0 176 1 0 0 0 0 0 0 0 0 0 0 0 0 0 0 0 0 0 0 0 0 0 0 0 0 0 0 0 0 0 0 0 0 0 0 0 0 0 0 0 0 0 0 0 0 0 0 0 0 0 0 0 0 0 0 0 0 0 0 0 0 0 0 77 68 79 32 101 120 116 114 97 32 100 97 116 97 32 108 111 99 107 0 0 0 0 0 0 0 0 0 0 0 0 0 0 0 0 0 0 0 0 0 0 0 0 0 0 0 0 0 0 0 0 0 0 0 0 0 0 0 0 0 0 0 0 0 1 0 0 0 1 0 0 0 0 0 0 0 0 0 0 0 0 0 0 0 0 0 0 0 0 0 0 0 0 0 0 0 0 0 0 3 0 0 0 0 17 0 0 0 0 0 0 0 0 0 0 0 0 0 0 0 0 0 0 0 0 0 0 0 0 0 0 0 0 0 0 0 12 1 0 0 105 2 14 0 1 0 0 0 117 192 0 0 0 0 0 0 2 0 0 0 0 0 6 0 2 0 0 0 104 0 0 0 255 255 255 255 7 224 1 0 0 0 0 0 data 13 0x1e007 0x1bf6f 0x38 0xe1 0x50003 0xe1 0x48 0x90005 0xea22 0x189697e0 0x5f6 0x2cee6e0 0xcf3d oops 2